23:02:07.907250		ThreadPool.h   	52	ThreadPool     	Info:     0 thread is created.
23:02:07.915352		ThreadPool.h   	52	ThreadPool     	Info:     1 thread is created.
23:02:08.709783		main.cpp       	76	main           	Info:     1 events has been got 
23:02:10.433918		main.cpp       	76	main           	Info:     1 events has been got 
23:02:10.577453		HttpProcessRead	127	parseHead      	Fatal:    unknow headerUpgrade-Insecure-Requests: 1
23:02:10.577471		HttpProcessRead	127	parseHead      	Fatal:    unknow headerUser-Agent: Mozilla/5.0 (Windows NT 10.0; Win64; x64) AppleWebKit/537.36 (KHTML, like Gecko) Chrome/97.0.4692.99 Safari/537.36 Edg/97.0.1072.76
23:02:10.577476		HttpProcessRead	127	parseHead      	Fatal:    unknow headerAccept: text/html,application/xhtml+xml,application/xml;q=0.9,image/webp,image/apng,*/*;q=0.8,application/signed-exchange;v=b3;q=0.9
23:02:10.577479		HttpProcessRead	127	parseHead      	Fatal:    unknow headerAccept-Encoding: gzip, deflate
23:02:10.577484		HttpProcessRead	127	parseHead      	Fatal:    unknow headerAccept-Language: zh-CN,zh;q=0.9,en;q=0.8,en-GB;q=0.7,en-US;q=0.6
23:02:10.577656		main.cpp       	76	main           	Info:     1 events has been got 
23:02:29.724816		main.cpp       	76	main           	Info:     1 events has been got 
23:02:29.724861		main.cpp       	76	main           	Info:     1 events has been got 
23:02:29.971346		HttpProcessRead	127	parseHead      	Fatal:    unknow headerCache-Control: max-age=0
23:02:29.971373		HttpProcessRead	127	parseHead      	Fatal:    unknow headerUpgrade-Insecure-Requests: 1
23:02:29.971377		HttpProcessRead	127	parseHead      	Fatal:    unknow headerOrigin: http://120.24.176.229:9527
23:02:29.971381		HttpProcessRead	127	parseHead      	Fatal:    unknow headerContent-Type: application/x-www-form-urlencoded
23:02:29.971387		HttpProcessRead	127	parseHead      	Fatal:    unknow headerUser-Agent: Mozilla/5.0 (Windows NT 10.0; Win64; x64) AppleWebKit/537.36 (KHTML, like Gecko) Chrome/97.0.4692.99 Safari/537.36 Edg/97.0.1072.76
23:02:29.971392		HttpProcessRead	127	parseHead      	Fatal:    unknow headerAccept: text/html,application/xhtml+xml,application/xml;q=0.9,image/webp,image/apng,*/*;q=0.8,application/signed-exchange;v=b3;q=0.9
23:02:29.971396		HttpProcessRead	127	parseHead      	Fatal:    unknow headerReferer: http://120.24.176.229:9527/
23:02:29.971400		HttpProcessRead	127	parseHead      	Fatal:    unknow headerAccept-Encoding: gzip, deflate
23:02:29.971404		HttpProcessRead	127	parseHead      	Fatal:    unknow headerAccept-Language: zh-CN,zh;q=0.9,en;q=0.8,en-GB;q=0.7,en-US;q=0.6
23:02:29.971489		main.cpp       	76	main           	Info:     1 events has been got 
23:02:43.835595		main.cpp       	76	main           	Info:     1 events has been got 
23:02:43.835661		main.cpp       	76	main           	Info:     1 events has been got 
23:02:44.381156		main.cpp       	76	main           	Info:     1 events has been got 
23:02:50.983582		main.cpp       	76	main           	Info:     1 events has been got 
23:02:50.983661		main.cpp       	76	main           	Info:     1 events has been got 
23:02:52.042000		HttpProcessRead	127	parseHead      	Fatal:    unknow headerCache-Control: max-age=0
23:02:52.042015		HttpProcessRead	127	parseHead      	Fatal:    unknow headerUpgrade-Insecure-Requests: 1
23:02:52.042019		HttpProcessRead	127	parseHead      	Fatal:    unknow headerOrigin: http://120.24.176.229:9527
23:02:52.042022		HttpProcessRead	127	parseHead      	Fatal:    unknow headerContent-Type: application/x-www-form-urlencoded
23:02:52.042026		HttpProcessRead	127	parseHead      	Fatal:    unknow headerUser-Agent: Mozilla/5.0 (Windows NT 10.0; Win64; x64) AppleWebKit/537.36 (KHTML, like Gecko) Chrome/97.0.4692.99 Safari/537.36 Edg/97.0.1072.76
23:02:52.042031		HttpProcessRead	127	parseHead      	Fatal:    unknow headerAccept: text/html,application/xhtml+xml,application/xml;q=0.9,image/webp,image/apng,*/*;q=0.8,application/signed-exchange;v=b3;q=0.9
23:02:52.042034		HttpProcessRead	127	parseHead      	Fatal:    unknow headerReferer: http://120.24.176.229:9527/
23:02:52.042038		HttpProcessRead	127	parseHead      	Fatal:    unknow headerAccept-Encoding: gzip, deflate
23:02:52.042044		HttpProcessRead	127	parseHead      	Fatal:    unknow headerAccept-Language: zh-CN,zh;q=0.9,en;q=0.8,en-GB;q=0.7,en-US;q=0.6
23:02:52.042171		main.cpp       	76	main           	Info:     1 events has been got 
23:02:56.590482		main.cpp       	76	main           	Info:     1 events has been got 
23:02:56.590561		main.cpp       	76	main           	Info:     1 events has been got 
23:02:56.627609		main.cpp       	76	main           	Info:     1 events has been got 
23:03:09.349746		main.cpp       	76	main           	Info:     1 events has been got 
23:03:09.349787		main.cpp       	76	main           	Info:     1 events has been got 
23:03:09.377033		HttpProcessRead	127	parseHead      	Fatal:    unknow headerCache-Control: max-age=0
23:03:09.377047		HttpProcessRead	127	parseHead      	Fatal:    unknow headerUpgrade-Insecure-Requests: 1
23:03:09.377052		HttpProcessRead	127	parseHead      	Fatal:    unknow headerOrigin: http://120.24.176.229:9527
23:03:09.377055		HttpProcessRead	127	parseHead      	Fatal:    unknow headerContent-Type: application/x-www-form-urlencoded
23:03:09.377060		HttpProcessRead	127	parseHead      	Fatal:    unknow headerUser-Agent: Mozilla/5.0 (Windows NT 10.0; Win64; x64) AppleWebKit/537.36 (KHTML, like Gecko) Chrome/97.0.4692.99 Safari/537.36 Edg/97.0.1072.76
23:03:09.377065		HttpProcessRead	127	parseHead      	Fatal:    unknow headerAccept: text/html,application/xhtml+xml,application/xml;q=0.9,image/webp,image/apng,*/*;q=0.8,application/signed-exchange;v=b3;q=0.9
23:03:09.377069		HttpProcessRead	127	parseHead      	Fatal:    unknow headerReferer: http://120.24.176.229:9527/
23:03:09.377073		HttpProcessRead	127	parseHead      	Fatal:    unknow headerAccept-Encoding: gzip, deflate
23:03:09.377078		HttpProcessRead	127	parseHead      	Fatal:    unknow headerAccept-Language: zh-CN,zh;q=0.9,en;q=0.8,en-GB;q=0.7,en-US;q=0.6
23:03:09.383653		main.cpp       	76	main           	Info:     1 events has been got 
23:03:14.289614		main.cpp       	76	main           	Info:     1 events has been got 
23:03:14.289680		main.cpp       	76	main           	Info:     1 events has been got 
23:03:14.337098		main.cpp       	76	main           	Info:     1 events has been got 
23:03:23.244997		main.cpp       	76	main           	Info:     1 events has been got 
23:03:23.245068		main.cpp       	76	main           	Info:     1 events has been got 
23:03:23.367088		HttpProcessRead	127	parseHead      	Fatal:    unknow headerCache-Control: max-age=0
23:03:23.367102		HttpProcessRead	127	parseHead      	Fatal:    unknow headerUpgrade-Insecure-Requests: 1
23:03:23.367105		HttpProcessRead	127	parseHead      	Fatal:    unknow headerOrigin: http://120.24.176.229:9527
23:03:23.367108		HttpProcessRead	127	parseHead      	Fatal:    unknow headerContent-Type: application/x-www-form-urlencoded
23:03:23.367111		HttpProcessRead	127	parseHead      	Fatal:    unknow headerUser-Agent: Mozilla/5.0 (Windows NT 10.0; Win64; x64) AppleWebKit/537.36 (KHTML, like Gecko) Chrome/97.0.4692.99 Safari/537.36 Edg/97.0.1072.76
23:03:23.367117		HttpProcessRead	127	parseHead      	Fatal:    unknow headerAccept: text/html,application/xhtml+xml,application/xml;q=0.9,image/webp,image/apng,*/*;q=0.8,application/signed-exchange;v=b3;q=0.9
23:03:23.367121		HttpProcessRead	127	parseHead      	Fatal:    unknow headerReferer: http://120.24.176.229:9527/
23:03:23.367124		HttpProcessRead	127	parseHead      	Fatal:    unknow headerAccept-Encoding: gzip, deflate
23:03:23.367128		HttpProcessRead	127	parseHead      	Fatal:    unknow headerAccept-Language: zh-CN,zh;q=0.9,en;q=0.8,en-GB;q=0.7,en-US;q=0.6
23:03:23.367302		main.cpp       	76	main           	Info:     1 events has been got 
23:03:34.294870		main.cpp       	76	main           	Info:     1 events has been got 
23:03:34.294950		main.cpp       	76	main           	Info:     1 events has been got 
23:03:34.520259		HttpProcessRead	127	parseHead      	Fatal:    unknow headerCache-Control: max-age=0
23:03:34.520280		HttpProcessRead	127	parseHead      	Fatal:    unknow headerUpgrade-Insecure-Requests: 1
23:03:34.520284		HttpProcessRead	127	parseHead      	Fatal:    unknow headerOrigin: http://120.24.176.229:9527
23:03:34.520288		HttpProcessRead	127	parseHead      	Fatal:    unknow headerContent-Type: application/x-www-form-urlencoded
23:03:34.520293		HttpProcessRead	127	parseHead      	Fatal:    unknow headerUser-Agent: Mozilla/5.0 (Windows NT 10.0; Win64; x64) AppleWebKit/537.36 (KHTML, like Gecko) Chrome/97.0.4692.99 Safari/537.36 Edg/97.0.1072.76
23:03:34.520298		HttpProcessRead	127	parseHead      	Fatal:    unknow headerAccept: text/html,application/xhtml+xml,application/xml;q=0.9,image/webp,image/apng,*/*;q=0.8,application/signed-exchange;v=b3;q=0.9
23:03:34.520302		HttpProcessRead	127	parseHead      	Fatal:    unknow headerReferer: http://120.24.176.229:9527/
23:03:34.520305		HttpProcessRead	127	parseHead      	Fatal:    unknow headerAccept-Encoding: gzip, deflate
23:03:34.520310		HttpProcessRead	127	parseHead      	Fatal:    unknow headerAccept-Language: zh-CN,zh;q=0.9,en;q=0.8,en-GB;q=0.7,en-US;q=0.6
23:03:34.536812		main.cpp       	76	main           	Info:     1 events has been got 
23:03:39.604021		main.cpp       	76	main           	Info:     1 events has been got 
23:03:39.604064		main.cpp       	76	main           	Info:     1 events has been got 
23:03:40.025992		HttpProcessRead	127	parseHead      	Fatal:    unknow headerCache-Control: max-age=0
23:03:40.026005		HttpProcessRead	127	parseHead      	Fatal:    unknow headerUpgrade-Insecure-Requests: 1
23:03:40.026008		HttpProcessRead	127	parseHead      	Fatal:    unknow headerOrigin: http://120.24.176.229:9527
23:03:40.026011		HttpProcessRead	127	parseHead      	Fatal:    unknow headerContent-Type: application/x-www-form-urlencoded
23:03:40.026015		HttpProcessRead	127	parseHead      	Fatal:    unknow headerUser-Agent: Mozilla/5.0 (Windows NT 10.0; Win64; x64) AppleWebKit/537.36 (KHTML, like Gecko) Chrome/97.0.4692.99 Safari/537.36 Edg/97.0.1072.76
23:03:40.026018		HttpProcessRead	127	parseHead      	Fatal:    unknow headerAccept: text/html,application/xhtml+xml,application/xml;q=0.9,image/webp,image/apng,*/*;q=0.8,application/signed-exchange;v=b3;q=0.9
23:03:40.026021		HttpProcessRead	127	parseHead      	Fatal:    unknow headerReferer: http://120.24.176.229:9527/1
23:03:40.026023		HttpProcessRead	127	parseHead      	Fatal:    unknow headerAccept-Encoding: gzip, deflate
23:03:40.026026		HttpProcessRead	127	parseHead      	Fatal:    unknow headerAccept-Language: zh-CN,zh;q=0.9,en;q=0.8,en-GB;q=0.7,en-US;q=0.6
23:03:40.026169		main.cpp       	76	main           	Info:     1 events has been got 
