10:53:21.994072		ThreadPool.h   	52	ThreadPool     	Info:     0 thread is created.
10:53:21.995105		ThreadPool.h   	52	ThreadPool     	Info:     1 thread is created.
10:53:26.660294		main.cpp       	76	main           	Info:     1 events has been got 
10:53:26.660361		main.cpp       	76	main           	Info:     1 events has been got 
10:53:26.772852		HttpProcessRead	127	parseHead      	Fatal:    unknow headerUser-Agent: Mozilla/5.0 (Windows NT 10.0; Win64; x64) AppleWebKit/537.36 (KHTML, like Gecko) Chrome/97.0.4692.99 Safari/537.36 Edg/97.0.1072.76
10:53:26.772865		HttpProcessRead	127	parseHead      	Fatal:    unknow headerAccept: text/html,application/xhtml+xml,application/xml;q=0.9,image/webp,image/apng,*/*;q=0.8,application/signed-exchange;v=b3;q=0.9
10:53:26.772868		HttpProcessRead	127	parseHead      	Fatal:    unknow headerAccept-Encoding: gzip, deflate
10:53:26.772871		HttpProcessRead	127	parseHead      	Fatal:    unknow headerAccept-Language: zh-CN,zh;q=0.9,en;q=0.8,en-GB;q=0.7,en-US;q=0.6
10:53:26.772874		HttpProcessRead	127	parseHead      	Fatal:    unknow headerPurpose: prefetch
10:53:26.772876		HttpProcessRead	127	parseHead      	Fatal:    unknow headerUpgrade-Insecure-Requests: 1
10:53:26.773501		main.cpp       	76	main           	Info:     1 events has been got 
10:53:27.923537		main.cpp       	76	main           	Info:     1 events has been got 
10:53:27.923583		main.cpp       	76	main           	Info:     1 events has been got 
10:53:28.105056		HttpProcessRead	127	parseHead      	Fatal:    unknow headerUser-Agent: Mozilla/5.0 (Windows NT 10.0; Win64; x64) AppleWebKit/537.36 (KHTML, like Gecko) Chrome/97.0.4692.99 Safari/537.36 Edg/97.0.1072.76
10:53:28.105071		HttpProcessRead	127	parseHead      	Fatal:    unknow headerAccept: image/webp,image/apng,image/svg+xml,image/*,*/*;q=0.8
10:53:28.105074		HttpProcessRead	127	parseHead      	Fatal:    unknow headerAccept-Encoding: gzip, deflate
10:53:28.105077		HttpProcessRead	127	parseHead      	Fatal:    unknow headerAccept-Language: zh-CN,zh;q=0.9,en;q=0.8,en-GB;q=0.7,en-US;q=0.6
10:53:28.105080		HttpProcessRead	127	parseHead      	Fatal:    unknow headerReferer: http://120.24.176.229:9527/
10:53:28.105155		main.cpp       	76	main           	Info:     1 events has been got 
10:53:30.115604		main.cpp       	76	main           	Info:     1 events has been got 
10:53:30.115690		main.cpp       	76	main           	Info:     1 events has been got 
10:53:30.481662		main.cpp       	76	main           	Info:     1 events has been got 
10:53:31.695734		main.cpp       	76	main           	Info:     1 events has been got 
10:53:31.695788		main.cpp       	76	main           	Info:     1 events has been got 
10:53:32.428416		HttpProcessRead	127	parseHead      	Fatal:    unknow headerUser-Agent: Mozilla/5.0 (Windows NT 10.0; Win64; x64) AppleWebKit/537.36 (KHTML, like Gecko) Chrome/97.0.4692.99 Safari/537.36 Edg/97.0.1072.76
10:53:32.428430		HttpProcessRead	127	parseHead      	Fatal:    unknow headerAccept: image/webp,image/apng,image/svg+xml,image/*,*/*;q=0.8
10:53:32.428436		HttpProcessRead	127	parseHead      	Fatal:    unknow headerAccept-Encoding: gzip, deflate
10:53:32.428439		HttpProcessRead	127	parseHead      	Fatal:    unknow headerAccept-Language: zh-CN,zh;q=0.9,en;q=0.8,en-GB;q=0.7,en-US;q=0.6
10:53:32.428441		HttpProcessRead	127	parseHead      	Fatal:    unknow headerReferer: http://120.24.176.229:9527/
10:53:32.428504		main.cpp       	76	main           	Info:     1 events has been got 
10:53:36.181333		main.cpp       	76	main           	Info:     1 events has been got 
10:53:36.181378		main.cpp       	76	main           	Info:     1 events has been got 
10:53:36.211588		HttpProcessRead	127	parseHead      	Fatal:    unknow headerUser-Agent: Mozilla/5.0 (Windows NT 10.0; Win64; x64) AppleWebKit/537.36 (KHTML, like Gecko) Chrome/97.0.4692.99 Safari/537.36 Edg/97.0.1072.76
10:53:36.211611		HttpProcessRead	127	parseHead      	Fatal:    unknow headerAccept: text/html,application/xhtml+xml,application/xml;q=0.9,image/webp,image/apng,*/*;q=0.8,application/signed-exchange;v=b3;q=0.9
10:53:36.211614		HttpProcessRead	127	parseHead      	Fatal:    unknow headerAccept-Encoding: gzip, deflate
10:53:36.211617		HttpProcessRead	127	parseHead      	Fatal:    unknow headerAccept-Language: zh-CN,zh;q=0.9,en;q=0.8,en-GB;q=0.7,en-US;q=0.6
10:53:36.211619		HttpProcessRead	127	parseHead      	Fatal:    unknow headerCache-Control: max-age=0
10:53:36.211622		HttpProcessRead	127	parseHead      	Fatal:    unknow headerContent-Type: application/x-www-form-urlencoded
10:53:36.211625		HttpProcessRead	127	parseHead      	Fatal:    unknow headerOrigin: http://120.24.176.229:9527
10:53:36.211628		HttpProcessRead	127	parseHead      	Fatal:    unknow headerReferer: http://120.24.176.229:9527/
10:53:36.211630		HttpProcessRead	127	parseHead      	Fatal:    unknow headerUpgrade-Insecure-Requests: 1
10:53:36.212104		main.cpp       	76	main           	Info:     1 events has been got 
10:53:37.580524		main.cpp       	76	main           	Info:     1 events has been got 
10:53:37.580574		main.cpp       	76	main           	Info:     1 events has been got 
10:53:37.610429		HttpProcessRead	127	parseHead      	Fatal:    unknow headerUser-Agent: Mozilla/5.0 (Windows NT 10.0; Win64; x64) AppleWebKit/537.36 (KHTML, like Gecko) Chrome/97.0.4692.99 Safari/537.36 Edg/97.0.1072.76
10:53:37.610447		HttpProcessRead	127	parseHead      	Fatal:    unknow headerAccept: image/webp,image/apng,image/svg+xml,image/*,*/*;q=0.8
10:53:37.610451		HttpProcessRead	127	parseHead      	Fatal:    unknow headerAccept-Encoding: gzip, deflate
10:53:37.610454		HttpProcessRead	127	parseHead      	Fatal:    unknow headerAccept-Language: zh-CN,zh;q=0.9,en;q=0.8,en-GB;q=0.7,en-US;q=0.6
10:53:37.610458		HttpProcessRead	127	parseHead      	Fatal:    unknow headerReferer: http://120.24.176.229:9527/1
10:53:37.610612		main.cpp       	76	main           	Info:     1 events has been got 
10:53:38.952093		main.cpp       	76	main           	Info:     1 events has been got 
10:53:38.953519		main.cpp       	76	main           	Info:     1 events has been got 
10:53:39.024284		main.cpp       	76	main           	Info:     1 events has been got 
10:53:40.179233		main.cpp       	76	main           	Info:     1 events has been got 
10:53:40.179772		main.cpp       	76	main           	Info:     1 events has been got 
10:53:40.274173		HttpProcessRead	127	parseHead      	Fatal:    unknow headerUser-Agent: Mozilla/5.0 (Windows NT 10.0; Win64; x64) AppleWebKit/537.36 (KHTML, like Gecko) Chrome/97.0.4692.99 Safari/537.36 Edg/97.0.1072.76
10:53:40.274188		HttpProcessRead	127	parseHead      	Fatal:    unknow headerAccept: image/webp,image/apng,image/svg+xml,image/*,*/*;q=0.8
10:53:40.274193		HttpProcessRead	127	parseHead      	Fatal:    unknow headerAccept-Encoding: gzip, deflate
10:53:40.274196		HttpProcessRead	127	parseHead      	Fatal:    unknow headerAccept-Language: zh-CN,zh;q=0.9,en;q=0.8,en-GB;q=0.7,en-US;q=0.6
10:53:40.274204		HttpProcessRead	127	parseHead      	Fatal:    unknow headerReferer: http://120.24.176.229:9527/
10:53:40.274665		main.cpp       	76	main           	Info:     1 events has been got 
10:54:10.411337		main.cpp       	76	main           	Info:     1 events has been got 
10:54:10.411405		main.cpp       	76	main           	Info:     1 events has been got 
10:54:10.586934		HttpProcessRead	127	parseHead      	Fatal:    unknow headerUser-Agent: Mozilla/5.0 (Windows NT 10.0; Win64; x64) AppleWebKit/537.36 (KHTML, like Gecko) Chrome/97.0.4692.99 Safari/537.36 Edg/97.0.1072.76
10:54:10.586950		HttpProcessRead	127	parseHead      	Fatal:    unknow headerAccept: text/html,application/xhtml+xml,application/xml;q=0.9,image/webp,image/apng,*/*;q=0.8,application/signed-exchange;v=b3;q=0.9
10:54:10.586953		HttpProcessRead	127	parseHead      	Fatal:    unknow headerAccept-Encoding: gzip, deflate
10:54:10.586956		HttpProcessRead	127	parseHead      	Fatal:    unknow headerAccept-Language: zh-CN,zh;q=0.9,en;q=0.8,en-GB;q=0.7,en-US;q=0.6
10:54:10.586958		HttpProcessRead	127	parseHead      	Fatal:    unknow headerCache-Control: max-age=0
10:54:10.586961		HttpProcessRead	127	parseHead      	Fatal:    unknow headerContent-Type: application/x-www-form-urlencoded
10:54:10.586964		HttpProcessRead	127	parseHead      	Fatal:    unknow headerOrigin: http://120.24.176.229:9527
10:54:10.586969		HttpProcessRead	127	parseHead      	Fatal:    unknow headerReferer: http://120.24.176.229:9527/
10:54:10.586972		HttpProcessRead	127	parseHead      	Fatal:    unknow headerUpgrade-Insecure-Requests: 1
10:54:10.593857		main.cpp       	76	main           	Info:     1 events has been got 
10:54:11.819250		main.cpp       	76	main           	Info:     1 events has been got 
10:54:11.819301		main.cpp       	76	main           	Info:     1 events has been got 
