12:04:59.976047		ThreadPool.h   	52	ThreadPool     	Info:     0 thread is created.
12:04:59.989427		ThreadPool.h   	52	ThreadPool     	Info:     1 thread is created.
12:05:04.619346		main.cpp       	76	main           	Info:     1 events has been got 
12:05:04.619454		main.cpp       	76	main           	Info:     1 events has been got 
12:05:04.908020		HttpProcessRead	127	parseHead      	Fatal:    unknow headerUser-Agent: Mozilla/5.0 (Windows NT 10.0; Win64; x64) AppleWebKit/537.36 (KHTML, like Gecko) Chrome/98.0.4758.102 Safari/537.36
12:05:04.908041		HttpProcessRead	127	parseHead      	Fatal:    unknow headerAccept: text/html,application/xhtml+xml,application/xml;q=0.9,image/avif,image/webp,image/apng,*/*;q=0.8,application/signed-exchange;v=b3;q=0.9
12:05:04.908046		HttpProcessRead	127	parseHead      	Fatal:    unknow headerAccept-Encoding: gzip, deflate
12:05:04.908050		HttpProcessRead	127	parseHead      	Fatal:    unknow headerAccept-Language: zh-CN,zh;q=0.9
12:05:04.908054		HttpProcessRead	127	parseHead      	Fatal:    unknow headerUpgrade-Insecure-Requests: 1
12:05:04.909334		main.cpp       	76	main           	Info:     1 events has been got 
12:05:06.098189		main.cpp       	76	main           	Info:     1 events has been got 
12:05:06.098281		main.cpp       	76	main           	Info:     1 events has been got 
12:05:06.476046		HttpProcessRead	127	parseHead      	Fatal:    unknow headerUser-Agent: Mozilla/5.0 (Windows NT 10.0; Win64; x64) AppleWebKit/537.36 (KHTML, like Gecko) Chrome/98.0.4758.102 Safari/537.36
12:05:06.476069		HttpProcessRead	127	parseHead      	Fatal:    unknow headerAccept: image/avif,image/webp,image/apng,image/svg+xml,image/*,*/*;q=0.8
12:05:06.476073		HttpProcessRead	127	parseHead      	Fatal:    unknow headerAccept-Encoding: gzip, deflate
12:05:06.476077		HttpProcessRead	127	parseHead      	Fatal:    unknow headerAccept-Language: zh-CN,zh;q=0.9
12:05:06.476083		HttpProcessRead	127	parseHead      	Fatal:    unknow headerReferer: http://120.24.176.229:9527/
12:05:06.476258		main.cpp       	76	main           	Info:     1 events has been got 
12:06:07.461996		main.cpp       	76	main           	Info:     1 events has been got 
12:06:07.462989		main.cpp       	76	main           	Info:     1 events has been got 
12:06:08.076467		HttpProcessRead	127	parseHead      	Fatal:    unknow headerUser-Agent: Mozilla/5.0 (Windows NT 10.0; Win64; x64) AppleWebKit/537.36 (KHTML, like Gecko) Chrome/98.0.4758.102 Safari/537.36
12:06:08.076497		HttpProcessRead	127	parseHead      	Fatal:    unknow headerAccept: text/html,application/xhtml+xml,application/xml;q=0.9,image/avif,image/webp,image/apng,*/*;q=0.8,application/signed-exchange;v=b3;q=0.9
12:06:08.076502		HttpProcessRead	127	parseHead      	Fatal:    unknow headerAccept-Encoding: gzip, deflate
12:06:08.076506		HttpProcessRead	127	parseHead      	Fatal:    unknow headerAccept-Language: zh-CN,zh;q=0.9
12:06:08.076510		HttpProcessRead	127	parseHead      	Fatal:    unknow headerCache-Control: max-age=0
12:06:08.076515		HttpProcessRead	127	parseHead      	Fatal:    unknow headerContent-Type: application/x-www-form-urlencoded
12:06:08.076519		HttpProcessRead	127	parseHead      	Fatal:    unknow headerOrigin: http://120.24.176.229:9527
12:06:08.076524		HttpProcessRead	127	parseHead      	Fatal:    unknow headerReferer: http://120.24.176.229:9527/
12:06:08.076528		HttpProcessRead	127	parseHead      	Fatal:    unknow headerUpgrade-Insecure-Requests: 1
12:06:08.077308		main.cpp       	76	main           	Info:     1 events has been got 
12:06:09.906031		main.cpp       	76	main           	Info:     1 events has been got 
12:06:09.907277		main.cpp       	76	main           	Info:     1 events has been got 
12:06:11.172536		HttpProcessRead	127	parseHead      	Fatal:    unknow headerUser-Agent: Mozilla/5.0 (Windows NT 10.0; Win64; x64) AppleWebKit/537.36 (KHTML, like Gecko) Chrome/98.0.4758.102 Safari/537.36
12:06:11.172563		HttpProcessRead	127	parseHead      	Fatal:    unknow headerAccept: image/avif,image/webp,image/apng,image/svg+xml,image/*,*/*;q=0.8
12:06:11.172569		HttpProcessRead	127	parseHead      	Fatal:    unknow headerAccept-Encoding: gzip, deflate
12:06:11.172574		HttpProcessRead	127	parseHead      	Fatal:    unknow headerAccept-Language: zh-CN,zh;q=0.9
12:06:11.172578		HttpProcessRead	127	parseHead      	Fatal:    unknow headerReferer: http://120.24.176.229:9527/0
12:06:11.172773		main.cpp       	76	main           	Info:     1 events has been got 
12:06:43.843191		main.cpp       	76	main           	Info:     1 events has been got 
12:06:43.845068		main.cpp       	76	main           	Info:     1 events has been got 
12:06:43.898885		HttpProcessRead	127	parseHead      	Fatal:    unknow headerUser-Agent: Mozilla/5.0 (Windows NT 10.0; Win64; x64) AppleWebKit/537.36 (KHTML, like Gecko) Chrome/98.0.4758.102 Safari/537.36
12:06:43.898914		HttpProcessRead	127	parseHead      	Fatal:    unknow headerAccept: text/html,application/xhtml+xml,application/xml;q=0.9,image/avif,image/webp,image/apng,*/*;q=0.8,application/signed-exchange;v=b3;q=0.9
12:06:43.898918		HttpProcessRead	127	parseHead      	Fatal:    unknow headerAccept-Encoding: gzip, deflate
12:06:43.898922		HttpProcessRead	127	parseHead      	Fatal:    unknow headerAccept-Language: zh-CN,zh;q=0.9
12:06:43.898926		HttpProcessRead	127	parseHead      	Fatal:    unknow headerCache-Control: max-age=0
12:06:43.898930		HttpProcessRead	127	parseHead      	Fatal:    unknow headerContent-Type: application/x-www-form-urlencoded
12:06:43.898933		HttpProcessRead	127	parseHead      	Fatal:    unknow headerOrigin: http://120.24.176.229:9527
12:06:43.898937		HttpProcessRead	127	parseHead      	Fatal:    unknow headerReferer: http://120.24.176.229:9527/
12:06:43.898941		HttpProcessRead	127	parseHead      	Fatal:    unknow headerUpgrade-Insecure-Requests: 1
12:06:43.899098		main.cpp       	76	main           	Info:     1 events has been got 
12:06:45.042064		main.cpp       	76	main           	Info:     1 events has been got 
12:06:45.042968		main.cpp       	76	main           	Info:     1 events has been got 
12:06:45.075313		HttpProcessRead	127	parseHead      	Fatal:    unknow headerUser-Agent: Mozilla/5.0 (Windows NT 10.0; Win64; x64) AppleWebKit/537.36 (KHTML, like Gecko) Chrome/98.0.4758.102 Safari/537.36
12:06:45.075333		HttpProcessRead	127	parseHead      	Fatal:    unknow headerAccept: image/avif,image/webp,image/apng,image/svg+xml,image/*,*/*;q=0.8
12:06:45.075338		HttpProcessRead	127	parseHead      	Fatal:    unknow headerAccept-Encoding: gzip, deflate
12:06:45.075342		HttpProcessRead	127	parseHead      	Fatal:    unknow headerAccept-Language: zh-CN,zh;q=0.9
12:06:45.075346		HttpProcessRead	127	parseHead      	Fatal:    unknow headerReferer: http://120.24.176.229:9527/0
12:06:45.075460		main.cpp       	76	main           	Info:     1 events has been got 
12:07:03.728913		main.cpp       	76	main           	Info:     1 events has been got 
12:07:03.730125		main.cpp       	76	main           	Info:     1 events has been got 
12:07:03.801446		main.cpp       	76	main           	Info:     1 events has been got 
12:07:04.968869		main.cpp       	76	main           	Info:     1 events has been got 
12:07:04.970367		main.cpp       	76	main           	Info:     1 events has been got 
12:07:05.079824		HttpProcessRead	127	parseHead      	Fatal:    unknow headerUser-Agent: Mozilla/5.0 (Windows NT 10.0; Win64; x64) AppleWebKit/537.36 (KHTML, like Gecko) Chrome/98.0.4758.102 Safari/537.36
12:07:05.079836		HttpProcessRead	127	parseHead      	Fatal:    unknow headerAccept: image/avif,image/webp,image/apng,image/svg+xml,image/*,*/*;q=0.8
12:07:05.079839		HttpProcessRead	127	parseHead      	Fatal:    unknow headerAccept-Encoding: gzip, deflate
12:07:05.079841		HttpProcessRead	127	parseHead      	Fatal:    unknow headerAccept-Language: zh-CN,zh;q=0.9
12:07:05.079844		HttpProcessRead	127	parseHead      	Fatal:    unknow headerReferer: http://120.24.176.229:9527/
12:07:05.079969		main.cpp       	76	main           	Info:     1 events has been got 
12:08:26.647981		main.cpp       	76	main           	Info:     1 events has been got 
12:08:26.649300		main.cpp       	76	main           	Info:     1 events has been got 
12:08:26.866677		HttpProcessRead	127	parseHead      	Fatal:    unknow headerUser-Agent: Mozilla/5.0 (Windows NT 10.0; Win64; x64) AppleWebKit/537.36 (KHTML, like Gecko) Chrome/98.0.4758.102 Safari/537.36
12:08:26.866780		HttpProcessRead	127	parseHead      	Fatal:    unknow headerAccept: text/html,application/xhtml+xml,application/xml;q=0.9,image/avif,image/webp,image/apng,*/*;q=0.8,application/signed-exchange;v=b3;q=0.9
12:08:26.866792		HttpProcessRead	127	parseHead      	Fatal:    unknow headerAccept-Encoding: gzip, deflate
12:08:26.866797		HttpProcessRead	127	parseHead      	Fatal:    unknow headerAccept-Language: zh-CN,zh;q=0.9
12:08:26.866800		HttpProcessRead	127	parseHead      	Fatal:    unknow headerCache-Control: max-age=0
12:08:26.866805		HttpProcessRead	127	parseHead      	Fatal:    unknow headerContent-Type: application/x-www-form-urlencoded
12:08:26.866809		HttpProcessRead	127	parseHead      	Fatal:    unknow headerOrigin: http://120.24.176.229:9527
12:08:26.866813		HttpProcessRead	127	parseHead      	Fatal:    unknow headerReferer: http://120.24.176.229:9527/
12:08:26.866817		HttpProcessRead	127	parseHead      	Fatal:    unknow headerUpgrade-Insecure-Requests: 1
12:08:26.882772		main.cpp       	76	main           	Info:     1 events has been got 
12:08:28.045114		main.cpp       	76	main           	Info:     1 events has been got 
12:08:28.045158		main.cpp       	76	main           	Info:     1 events has been got 
12:08:28.459548		HttpProcessRead	127	parseHead      	Fatal:    unknow headerUser-Agent: Mozilla/5.0 (Windows NT 10.0; Win64; x64) AppleWebKit/537.36 (KHTML, like Gecko) Chrome/98.0.4758.102 Safari/537.36
12:08:28.459561		HttpProcessRead	127	parseHead      	Fatal:    unknow headerAccept: image/avif,image/webp,image/apng,image/svg+xml,image/*,*/*;q=0.8
12:08:28.459564		HttpProcessRead	127	parseHead      	Fatal:    unknow headerAccept-Encoding: gzip, deflate
12:08:28.459567		HttpProcessRead	127	parseHead      	Fatal:    unknow headerAccept-Language: zh-CN,zh;q=0.9
12:08:28.459570		HttpProcessRead	127	parseHead      	Fatal:    unknow headerReferer: http://120.24.176.229:9527/1
12:08:28.459736		main.cpp       	76	main           	Info:     1 events has been got 
12:08:40.780536		main.cpp       	76	main           	Info:     1 events has been got 
12:08:40.781564		main.cpp       	76	main           	Info:     1 events has been got 
12:08:41.644201		HttpProcessRead	127	parseHead      	Fatal:    unknow headerUser-Agent: Mozilla/5.0 (Windows NT 10.0; Win64; x64) AppleWebKit/537.36 (KHTML, like Gecko) Chrome/98.0.4758.102 Safari/537.36
12:08:41.644217		HttpProcessRead	127	parseHead      	Fatal:    unknow headerAccept: text/html,application/xhtml+xml,application/xml;q=0.9,image/avif,image/webp,image/apng,*/*;q=0.8,application/signed-exchange;v=b3;q=0.9
12:08:41.644220		HttpProcessRead	127	parseHead      	Fatal:    unknow headerAccept-Encoding: gzip, deflate
12:08:41.644223		HttpProcessRead	127	parseHead      	Fatal:    unknow headerAccept-Language: zh-CN,zh;q=0.9
12:08:41.644225		HttpProcessRead	127	parseHead      	Fatal:    unknow headerCache-Control: max-age=0
12:08:41.644228		HttpProcessRead	127	parseHead      	Fatal:    unknow headerContent-Type: application/x-www-form-urlencoded
12:08:41.644231		HttpProcessRead	127	parseHead      	Fatal:    unknow headerOrigin: http://120.24.176.229:9527
12:08:41.644234		HttpProcessRead	127	parseHead      	Fatal:    unknow headerReferer: http://120.24.176.229:9527/1
12:08:41.644236		HttpProcessRead	127	parseHead      	Fatal:    unknow headerUpgrade-Insecure-Requests: 1
12:08:41.644371		main.cpp       	76	main           	Info:     1 events has been got 
12:08:42.811968		main.cpp       	76	main           	Info:     1 events has been got 
12:08:42.812033		main.cpp       	76	main           	Info:     1 events has been got 
12:08:44.424869		HttpProcessRead	127	parseHead      	Fatal:    unknow headerUser-Agent: Mozilla/5.0 (Windows NT 10.0; Win64; x64) AppleWebKit/537.36 (KHTML, like Gecko) Chrome/98.0.4758.102 Safari/537.36
12:08:44.424889		HttpProcessRead	127	parseHead      	Fatal:    unknow headerAccept: image/avif,image/webp,image/apng,image/svg+xml,image/*,*/*;q=0.8
12:08:44.424893		HttpProcessRead	127	parseHead      	Fatal:    unknow headerAccept-Encoding: gzip, deflate
12:08:44.424897		HttpProcessRead	127	parseHead      	Fatal:    unknow headerAccept-Language: zh-CN,zh;q=0.9
12:08:44.424901		HttpProcessRead	127	parseHead      	Fatal:    unknow headerReferer: http://120.24.176.229:9527/4
12:08:44.425019		main.cpp       	76	main           	Info:     1 events has been got 
12:10:01.963605		main.cpp       	76	main           	Info:     1 events has been got 
12:10:01.965501		main.cpp       	76	main           	Info:     1 events has been got 
12:10:05.556515		HttpProcessRead	127	parseHead      	Fatal:    unknow headerUser-Agent: Mozilla/5.0 (Windows NT 10.0; Win64; x64) AppleWebKit/537.36 (KHTML, like Gecko) Chrome/98.0.4758.102 Safari/537.36
12:10:05.556536		HttpProcessRead	127	parseHead      	Fatal:    unknow headerAccept: text/html,application/xhtml+xml,application/xml;q=0.9,image/avif,image/webp,image/apng,*/*;q=0.8,application/signed-exchange;v=b3;q=0.9
12:10:05.556541		HttpProcessRead	127	parseHead      	Fatal:    unknow headerAccept-Encoding: gzip, deflate
12:10:05.556544		HttpProcessRead	127	parseHead      	Fatal:    unknow headerAccept-Language: zh-CN,zh;q=0.9
12:10:05.556548		HttpProcessRead	127	parseHead      	Fatal:    unknow headerCache-Control: max-age=0
12:10:05.556553		HttpProcessRead	127	parseHead      	Fatal:    unknow headerContent-Type: application/x-www-form-urlencoded
12:10:05.556558		HttpProcessRead	127	parseHead      	Fatal:    unknow headerOrigin: http://120.24.176.229:9527
12:10:05.556562		HttpProcessRead	127	parseHead      	Fatal:    unknow headerReferer: http://120.24.176.229:9527/4
12:10:05.556566		HttpProcessRead	127	parseHead      	Fatal:    unknow headerUpgrade-Insecure-Requests: 1
12:10:05.556782		main.cpp       	76	main           	Info:     1 events has been got 
12:10:06.705668		main.cpp       	76	main           	Info:     1 events has been got 
12:10:06.706285		main.cpp       	76	main           	Info:     1 events has been got 
12:10:13.685216		HttpProcessRead	127	parseHead      	Fatal:    unknow headerUser-Agent: Mozilla/5.0 (Windows NT 10.0; Win64; x64) AppleWebKit/537.36 (KHTML, like Gecko) Chrome/98.0.4758.102 Safari/537.36
12:10:13.685243		HttpProcessRead	127	parseHead      	Fatal:    unknow headerAccept: image/avif,image/webp,image/apng,image/svg+xml,image/*,*/*;q=0.8
12:10:13.685247		HttpProcessRead	127	parseHead      	Fatal:    unknow headerAccept-Encoding: gzip, deflate
12:10:13.685251		HttpProcessRead	127	parseHead      	Fatal:    unknow headerAccept-Language: zh-CN,zh;q=0.9
12:10:13.685255		HttpProcessRead	127	parseHead      	Fatal:    unknow headerReferer: http://120.24.176.229:9527/0
12:10:13.685463		main.cpp       	76	main           	Info:     1 events has been got 
