23:32:17.173854		ThreadPool.h   	52	ThreadPool     	Info:     0 thread is created.
23:32:17.177679		ThreadPool.h   	52	ThreadPool     	Info:     1 thread is created.
23:32:21.547803		main.cpp       	76	main           	Info:     1 events has been got 
23:32:21.547877		main.cpp       	76	main           	Info:     1 events has been got 
23:32:21.675843		HttpProcessRead	127	parseHead      	Fatal:    unknow headerUser-Agent: Mozilla/5.0 (Windows NT 10.0; Win64; x64) AppleWebKit/537.36 (KHTML, like Gecko) Chrome/97.0.4692.99 Safari/537.36 Edg/97.0.1072.76
23:32:21.675856		HttpProcessRead	127	parseHead      	Fatal:    unknow headerAccept: text/html,application/xhtml+xml,application/xml;q=0.9,image/webp,image/apng,*/*;q=0.8,application/signed-exchange;v=b3;q=0.9
23:32:21.675859		HttpProcessRead	127	parseHead      	Fatal:    unknow headerAccept-Encoding: gzip, deflate
23:32:21.675862		HttpProcessRead	127	parseHead      	Fatal:    unknow headerAccept-Language: zh-CN,zh;q=0.9,en;q=0.8,en-GB;q=0.7,en-US;q=0.6
23:32:21.675864		HttpProcessRead	127	parseHead      	Fatal:    unknow headerPurpose: prefetch
23:32:21.675867		HttpProcessRead	127	parseHead      	Fatal:    unknow headerUpgrade-Insecure-Requests: 1
23:32:21.677209		main.cpp       	76	main           	Info:     1 events has been got 
23:32:22.826397		main.cpp       	76	main           	Info:     1 events has been got 
23:32:22.826853		main.cpp       	76	main           	Info:     1 events has been got 
23:32:23.033881		HttpProcessRead	127	parseHead      	Fatal:    unknow headerUser-Agent: Mozilla/5.0 (Windows NT 10.0; Win64; x64) AppleWebKit/537.36 (KHTML, like Gecko) Chrome/97.0.4692.99 Safari/537.36 Edg/97.0.1072.76
23:32:23.033893		HttpProcessRead	127	parseHead      	Fatal:    unknow headerAccept: image/webp,image/apng,image/svg+xml,image/*,*/*;q=0.8
23:32:23.033896		HttpProcessRead	127	parseHead      	Fatal:    unknow headerAccept-Encoding: gzip, deflate
23:32:23.033899		HttpProcessRead	127	parseHead      	Fatal:    unknow headerAccept-Language: zh-CN,zh;q=0.9,en;q=0.8,en-GB;q=0.7,en-US;q=0.6
23:32:23.033902		HttpProcessRead	127	parseHead      	Fatal:    unknow headerReferer: http://120.24.176.229:9527/
23:32:23.033968		main.cpp       	76	main           	Info:     1 events has been got 
23:32:25.908710		main.cpp       	76	main           	Info:     1 events has been got 
23:32:25.911115		main.cpp       	76	main           	Info:     1 events has been got 
23:32:26.330290		HttpProcessRead	127	parseHead      	Fatal:    unknow headerUser-Agent: Mozilla/5.0 (Windows NT 10.0; Win64; x64) AppleWebKit/537.36 (KHTML, like Gecko) Chrome/97.0.4692.99 Safari/537.36 Edg/97.0.1072.76
23:32:26.330308		HttpProcessRead	127	parseHead      	Fatal:    unknow headerAccept: text/html,application/xhtml+xml,application/xml;q=0.9,image/webp,image/apng,*/*;q=0.8,application/signed-exchange;v=b3;q=0.9
23:32:26.330311		HttpProcessRead	127	parseHead      	Fatal:    unknow headerAccept-Encoding: gzip, deflate
23:32:26.330314		HttpProcessRead	127	parseHead      	Fatal:    unknow headerAccept-Language: zh-CN,zh;q=0.9,en;q=0.8,en-GB;q=0.7,en-US;q=0.6
23:32:26.330317		HttpProcessRead	127	parseHead      	Fatal:    unknow headerCache-Control: max-age=0
23:32:26.330320		HttpProcessRead	127	parseHead      	Fatal:    unknow headerContent-Type: application/x-www-form-urlencoded
23:32:26.330322		HttpProcessRead	127	parseHead      	Fatal:    unknow headerOrigin: http://120.24.176.229:9527
23:32:26.330325		HttpProcessRead	127	parseHead      	Fatal:    unknow headerReferer: http://120.24.176.229:9527/
23:32:26.330331		HttpProcessRead	127	parseHead      	Fatal:    unknow headerUpgrade-Insecure-Requests: 1
23:32:26.330395		main.cpp       	76	main           	Info:     1 events has been got 
23:32:27.513967		main.cpp       	76	main           	Info:     1 events has been got 
23:32:27.515406		main.cpp       	76	main           	Info:     1 events has been got 
23:32:28.354036		HttpProcessRead	127	parseHead      	Fatal:    unknow headerUser-Agent: Mozilla/5.0 (Windows NT 10.0; Win64; x64) AppleWebKit/537.36 (KHTML, like Gecko) Chrome/97.0.4692.99 Safari/537.36 Edg/97.0.1072.76
23:32:28.354054		HttpProcessRead	127	parseHead      	Fatal:    unknow headerAccept: image/webp,image/apng,image/svg+xml,image/*,*/*;q=0.8
23:32:28.354059		HttpProcessRead	127	parseHead      	Fatal:    unknow headerAccept-Encoding: gzip, deflate
23:32:28.354062		HttpProcessRead	127	parseHead      	Fatal:    unknow headerAccept-Language: zh-CN,zh;q=0.9,en;q=0.8,en-GB;q=0.7,en-US;q=0.6
23:32:28.354065		HttpProcessRead	127	parseHead      	Fatal:    unknow headerReferer: http://120.24.176.229:9527/
23:32:28.354142		main.cpp       	76	main           	Info:     1 events has been got 
23:32:48.269566		main.cpp       	76	main           	Info:     1 events has been got 
23:32:48.269635		main.cpp       	76	main           	Info:     1 events has been got 
23:32:48.307619		HttpProcessRead	127	parseHead      	Fatal:    unknow headerUser-Agent: Mozilla/5.0 (Windows NT 10.0; Win64; x64) AppleWebKit/537.36 (KHTML, like Gecko) Chrome/97.0.4692.99 Safari/537.36 Edg/97.0.1072.76
23:32:48.307632		HttpProcessRead	127	parseHead      	Fatal:    unknow headerAccept: text/html,application/xhtml+xml,application/xml;q=0.9,image/webp,image/apng,*/*;q=0.8,application/signed-exchange;v=b3;q=0.9
23:32:48.307635		HttpProcessRead	127	parseHead      	Fatal:    unknow headerAccept-Encoding: gzip, deflate
23:32:48.307638		HttpProcessRead	127	parseHead      	Fatal:    unknow headerAccept-Language: zh-CN,zh;q=0.9,en;q=0.8,en-GB;q=0.7,en-US;q=0.6
23:32:48.307641		HttpProcessRead	127	parseHead      	Fatal:    unknow headerCache-Control: max-age=0
23:32:48.307643		HttpProcessRead	127	parseHead      	Fatal:    unknow headerContent-Type: application/x-www-form-urlencoded
23:32:48.307646		HttpProcessRead	127	parseHead      	Fatal:    unknow headerOrigin: http://120.24.176.229:9527
23:32:48.307649		HttpProcessRead	127	parseHead      	Fatal:    unknow headerReferer: http://120.24.176.229:9527/
23:32:48.307651		HttpProcessRead	127	parseHead      	Fatal:    unknow headerUpgrade-Insecure-Requests: 1
23:32:48.311671		main.cpp       	76	main           	Info:     1 events has been got 
23:32:49.452428		main.cpp       	76	main           	Info:     1 events has been got 
23:32:49.452516		main.cpp       	76	main           	Info:     1 events has been got 
23:32:49.484782		HttpProcessRead	127	parseHead      	Fatal:    unknow headerUser-Agent: Mozilla/5.0 (Windows NT 10.0; Win64; x64) AppleWebKit/537.36 (KHTML, like Gecko) Chrome/97.0.4692.99 Safari/537.36 Edg/97.0.1072.76
23:32:49.484794		HttpProcessRead	127	parseHead      	Fatal:    unknow headerAccept: image/webp,image/apng,image/svg+xml,image/*,*/*;q=0.8
23:32:49.484797		HttpProcessRead	127	parseHead      	Fatal:    unknow headerAccept-Encoding: gzip, deflate
23:32:49.484800		HttpProcessRead	127	parseHead      	Fatal:    unknow headerAccept-Language: zh-CN,zh;q=0.9,en;q=0.8,en-GB;q=0.7,en-US;q=0.6
23:32:49.484803		HttpProcessRead	127	parseHead      	Fatal:    unknow headerReferer: http://120.24.176.229:9527/1
23:32:49.484895		main.cpp       	76	main           	Info:     1 events has been got 
23:32:50.950753		main.cpp       	76	main           	Info:     1 events has been got 
23:32:50.950856		main.cpp       	76	main           	Info:     1 events has been got 
23:32:51.014095		HttpProcessRead	127	parseHead      	Fatal:    unknow headerUser-Agent: Mozilla/5.0 (Windows NT 10.0; Win64; x64) AppleWebKit/537.36 (KHTML, like Gecko) Chrome/97.0.4692.99 Safari/537.36 Edg/97.0.1072.76
23:32:51.014120		HttpProcessRead	127	parseHead      	Fatal:    unknow headerAccept: text/html,application/xhtml+xml,application/xml;q=0.9,image/webp,image/apng,*/*;q=0.8,application/signed-exchange;v=b3;q=0.9
23:32:51.014127		HttpProcessRead	127	parseHead      	Fatal:    unknow headerAccept-Encoding: gzip, deflate
23:32:51.014136		HttpProcessRead	127	parseHead      	Fatal:    unknow headerAccept-Language: zh-CN,zh;q=0.9,en;q=0.8,en-GB;q=0.7,en-US;q=0.6
23:32:51.014142		HttpProcessRead	127	parseHead      	Fatal:    unknow headerCache-Control: max-age=0
23:32:51.014146		HttpProcessRead	127	parseHead      	Fatal:    unknow headerContent-Type: application/x-www-form-urlencoded
23:32:51.014152		HttpProcessRead	127	parseHead      	Fatal:    unknow headerOrigin: http://120.24.176.229:9527
23:32:51.014156		HttpProcessRead	127	parseHead      	Fatal:    unknow headerReferer: http://120.24.176.229:9527/1
23:32:51.014163		HttpProcessRead	127	parseHead      	Fatal:    unknow headerUpgrade-Insecure-Requests: 1
23:32:51.014236		main.cpp       	76	main           	Info:     1 events has been got 
23:32:52.160693		main.cpp       	76	main           	Info:     1 events has been got 
23:32:52.160785		main.cpp       	76	main           	Info:     1 events has been got 
23:32:52.284462		HttpProcessRead	127	parseHead      	Fatal:    unknow headerUser-Agent: Mozilla/5.0 (Windows NT 10.0; Win64; x64) AppleWebKit/537.36 (KHTML, like Gecko) Chrome/97.0.4692.99 Safari/537.36 Edg/97.0.1072.76
23:32:52.284484		HttpProcessRead	127	parseHead      	Fatal:    unknow headerAccept: image/webp,image/apng,image/svg+xml,image/*,*/*;q=0.8
23:32:52.284489		HttpProcessRead	127	parseHead      	Fatal:    unknow headerAccept-Encoding: gzip, deflate
23:32:52.284505		HttpProcessRead	127	parseHead      	Fatal:    unknow headerAccept-Language: zh-CN,zh;q=0.9,en;q=0.8,en-GB;q=0.7,en-US;q=0.6
23:32:52.284509		HttpProcessRead	127	parseHead      	Fatal:    unknow headerReferer: http://120.24.176.229:9527/4
23:32:52.284630		main.cpp       	76	main           	Info:     1 events has been got 
23:33:23.898331		main.cpp       	76	main           	Info:     1 events has been got 
23:33:23.903835		main.cpp       	76	main           	Info:     1 events has been got 
23:33:24.154575		HttpProcessRead	127	parseHead      	Fatal:    unknow headerUser-Agent: Mozilla/5.0 (Windows NT 10.0; Win64; x64) AppleWebKit/537.36 (KHTML, like Gecko) Chrome/97.0.4692.99 Safari/537.36 Edg/97.0.1072.76
23:33:24.154611		HttpProcessRead	127	parseHead      	Fatal:    unknow headerAccept: text/html,application/xhtml+xml,application/xml;q=0.9,image/webp,image/apng,*/*;q=0.8,application/signed-exchange;v=b3;q=0.9
23:33:24.154615		HttpProcessRead	127	parseHead      	Fatal:    unknow headerAccept-Encoding: gzip, deflate
23:33:24.154619		HttpProcessRead	127	parseHead      	Fatal:    unknow headerAccept-Language: zh-CN,zh;q=0.9,en;q=0.8,en-GB;q=0.7,en-US;q=0.6
23:33:24.154627		HttpProcessRead	127	parseHead      	Fatal:    unknow headerCache-Control: max-age=0
23:33:24.154631		HttpProcessRead	127	parseHead      	Fatal:    unknow headerContent-Type: application/x-www-form-urlencoded
23:33:24.154635		HttpProcessRead	127	parseHead      	Fatal:    unknow headerOrigin: http://120.24.176.229:9527
23:33:24.154639		HttpProcessRead	127	parseHead      	Fatal:    unknow headerReferer: http://120.24.176.229:9527/4
23:33:24.154642		HttpProcessRead	127	parseHead      	Fatal:    unknow headerUpgrade-Insecure-Requests: 1
23:33:24.155648		main.cpp       	76	main           	Info:     1 events has been got 
23:33:25.296743		main.cpp       	76	main           	Info:     1 events has been got 
23:33:25.296792		main.cpp       	76	main           	Info:     1 events has been got 
23:33:25.832852		HttpProcessRead	127	parseHead      	Fatal:    unknow headerUser-Agent: Mozilla/5.0 (Windows NT 10.0; Win64; x64) AppleWebKit/537.36 (KHTML, like Gecko) Chrome/97.0.4692.99 Safari/537.36 Edg/97.0.1072.76
23:33:25.832866		HttpProcessRead	127	parseHead      	Fatal:    unknow headerAccept: image/webp,image/apng,image/svg+xml,image/*,*/*;q=0.8
23:33:25.832871		HttpProcessRead	127	parseHead      	Fatal:    unknow headerAccept-Encoding: gzip, deflate
23:33:25.832874		HttpProcessRead	127	parseHead      	Fatal:    unknow headerAccept-Language: zh-CN,zh;q=0.9,en;q=0.8,en-GB;q=0.7,en-US;q=0.6
23:33:25.832877		HttpProcessRead	127	parseHead      	Fatal:    unknow headerReferer: http://120.24.176.229:9527/0
23:33:25.832979		main.cpp       	76	main           	Info:     1 events has been got 
23:33:40.341796		main.cpp       	76	main           	Info:     1 events has been got 
23:33:40.344757		main.cpp       	76	main           	Info:     1 events has been got 
23:33:41.435098		HttpProcessRead	127	parseHead      	Fatal:    unknow headerUser-Agent: Mozilla/5.0 (Windows NT 10.0; Win64; x64) AppleWebKit/537.36 (KHTML, like Gecko) Chrome/97.0.4692.99 Safari/537.36 Edg/97.0.1072.76
23:33:41.435111		HttpProcessRead	127	parseHead      	Fatal:    unknow headerAccept: text/html,application/xhtml+xml,application/xml;q=0.9,image/webp,image/apng,*/*;q=0.8,application/signed-exchange;v=b3;q=0.9
23:33:41.435114		HttpProcessRead	127	parseHead      	Fatal:    unknow headerAccept-Encoding: gzip, deflate
23:33:41.435117		HttpProcessRead	127	parseHead      	Fatal:    unknow headerAccept-Language: zh-CN,zh;q=0.9,en;q=0.8,en-GB;q=0.7,en-US;q=0.6
23:33:41.435120		HttpProcessRead	127	parseHead      	Fatal:    unknow headerCache-Control: max-age=0
23:33:41.435123		HttpProcessRead	127	parseHead      	Fatal:    unknow headerContent-Type: application/x-www-form-urlencoded
23:33:41.435125		HttpProcessRead	127	parseHead      	Fatal:    unknow headerOrigin: http://120.24.176.229:9527
23:33:41.435128		HttpProcessRead	127	parseHead      	Fatal:    unknow headerReferer: http://120.24.176.229:9527/4
23:33:41.435130		HttpProcessRead	127	parseHead      	Fatal:    unknow headerUpgrade-Insecure-Requests: 1
23:33:41.435274		main.cpp       	76	main           	Info:     1 events has been got 
23:33:42.577415		main.cpp       	76	main           	Info:     1 events has been got 
23:33:42.579052		main.cpp       	76	main           	Info:     1 events has been got 
23:33:44.352178		HttpProcessRead	127	parseHead      	Fatal:    unknow headerUser-Agent: Mozilla/5.0 (Windows NT 10.0; Win64; x64) AppleWebKit/537.36 (KHTML, like Gecko) Chrome/97.0.4692.99 Safari/537.36 Edg/97.0.1072.76
23:33:44.352206		HttpProcessRead	127	parseHead      	Fatal:    unknow headerAccept: image/webp,image/apng,image/svg+xml,image/*,*/*;q=0.8
23:33:44.352210		HttpProcessRead	127	parseHead      	Fatal:    unknow headerAccept-Encoding: gzip, deflate
23:33:44.352215		HttpProcessRead	127	parseHead      	Fatal:    unknow headerAccept-Language: zh-CN,zh;q=0.9,en;q=0.8,en-GB;q=0.7,en-US;q=0.6
23:33:44.352219		HttpProcessRead	127	parseHead      	Fatal:    unknow headerReferer: http://120.24.176.229:9527/0
23:33:44.352792		main.cpp       	76	main           	Info:     1 events has been got 
23:33:51.504904		main.cpp       	76	main           	Info:     1 events has been got 
23:33:51.504957		main.cpp       	76	main           	Info:     1 events has been got 
23:33:54.829741		HttpProcessRead	127	parseHead      	Fatal:    unknow headerUser-Agent: Mozilla/5.0 (Windows NT 10.0; Win64; x64) AppleWebKit/537.36 (KHTML, like Gecko) Chrome/97.0.4692.99 Safari/537.36 Edg/97.0.1072.76
23:33:54.829766		HttpProcessRead	127	parseHead      	Fatal:    unknow headerAccept: text/html,application/xhtml+xml,application/xml;q=0.9,image/webp,image/apng,*/*;q=0.8,application/signed-exchange;v=b3;q=0.9
23:33:54.829770		HttpProcessRead	127	parseHead      	Fatal:    unknow headerAccept-Encoding: gzip, deflate
23:33:54.829775		HttpProcessRead	127	parseHead      	Fatal:    unknow headerAccept-Language: zh-CN,zh;q=0.9,en;q=0.8,en-GB;q=0.7,en-US;q=0.6
23:33:54.829778		HttpProcessRead	127	parseHead      	Fatal:    unknow headerReferer: http://120.24.176.229:9527/
23:33:54.829781		HttpProcessRead	127	parseHead      	Fatal:    unknow headerUpgrade-Insecure-Requests: 1
23:33:54.829836		main.cpp       	76	main           	Info:     1 events has been got 
