12:39:32.275014		ThreadPool.h   	52	ThreadPool     	Info:     0 thread is created.
12:39:32.277090		ThreadPool.h   	52	ThreadPool     	Info:     1 thread is created.
12:40:07.225594		main.cpp       	76	main           	Info:     1 events has been got 
12:40:07.225673		main.cpp       	76	main           	Info:     1 events has been got 
12:40:07.229040		main.cpp       	76	main           	Info:     1 events has been got 
12:40:07.365440		HttpProcessRead	127	parseHead      	Fatal:    unknow headerCache-Control: max-age=0
12:40:07.365460		HttpProcessRead	127	parseHead      	Fatal:    unknow headerUpgrade-Insecure-Requests: 1
12:40:07.365465		HttpProcessRead	127	parseHead      	Fatal:    unknow headerOrigin: http://120.24.176.229:9527
12:40:07.365470		HttpProcessRead	127	parseHead      	Fatal:    unknow headerContent-Type: application/x-www-form-urlencoded
12:40:07.365476		HttpProcessRead	127	parseHead      	Fatal:    unknow headerUser-Agent: Mozilla/5.0 (Windows NT 10.0; Win64; x64) AppleWebKit/537.36 (KHTML, like Gecko) Chrome/97.0.4692.99 Safari/537.36 Edg/97.0.1072.76
12:40:07.365482		HttpProcessRead	127	parseHead      	Fatal:    unknow headerAccept: text/html,application/xhtml+xml,application/xml;q=0.9,image/webp,image/apng,*/*;q=0.8,application/signed-exchange;v=b3;q=0.9
12:40:07.365494		HttpProcessRead	127	parseHead      	Fatal:    unknow headerReferer: http://120.24.176.229:9527/
12:40:07.365499		HttpProcessRead	127	parseHead      	Fatal:    unknow headerAccept-Encoding: gzip, deflate
12:40:07.365505		HttpProcessRead	127	parseHead      	Fatal:    unknow headerAccept-Language: zh-CN,zh;q=0.9,en;q=0.8,en-GB;q=0.7,en-US;q=0.6
12:40:07.366046		main.cpp       	76	main           	Info:     1 events has been got 
12:40:12.037810		main.cpp       	76	main           	Info:     1 events has been got 
12:40:12.104063		main.cpp       	76	main           	Info:     1 events has been got 
12:40:12.252128		HttpProcessRead	127	parseHead      	Fatal:    unknow headerCache-Control: max-age=0
12:40:12.252141		HttpProcessRead	127	parseHead      	Fatal:    unknow headerUpgrade-Insecure-Requests: 1
12:40:12.252146		HttpProcessRead	127	parseHead      	Fatal:    unknow headerOrigin: http://120.24.176.229:9527
12:40:12.252149		HttpProcessRead	127	parseHead      	Fatal:    unknow headerContent-Type: application/x-www-form-urlencoded
12:40:12.252152		HttpProcessRead	127	parseHead      	Fatal:    unknow headerUser-Agent: Mozilla/5.0 (Windows NT 10.0; Win64; x64) AppleWebKit/537.36 (KHTML, like Gecko) Chrome/97.0.4692.99 Safari/537.36 Edg/97.0.1072.76
12:40:12.252156		HttpProcessRead	127	parseHead      	Fatal:    unknow headerAccept: text/html,application/xhtml+xml,application/xml;q=0.9,image/webp,image/apng,*/*;q=0.8,application/signed-exchange;v=b3;q=0.9
12:40:12.252187		HttpProcessRead	127	parseHead      	Fatal:    unknow headerReferer: http://120.24.176.229:9527/
12:40:12.252190		HttpProcessRead	127	parseHead      	Fatal:    unknow headerAccept-Encoding: gzip, deflate
12:40:12.252193		HttpProcessRead	127	parseHead      	Fatal:    unknow headerAccept-Language: zh-CN,zh;q=0.9,en;q=0.8,en-GB;q=0.7,en-US;q=0.6
12:40:12.252578		main.cpp       	76	main           	Info:     1 events has been got 
12:40:16.394195		main.cpp       	76	main           	Info:     1 events has been got 
12:40:16.467105		main.cpp       	76	main           	Info:     1 events has been got 
12:40:16.817896		HttpProcessRead	127	parseHead      	Fatal:    unknow headerCache-Control: max-age=0
12:40:16.817920		HttpProcessRead	127	parseHead      	Fatal:    unknow headerUpgrade-Insecure-Requests: 1
12:40:16.817925		HttpProcessRead	127	parseHead      	Fatal:    unknow headerOrigin: http://120.24.176.229:9527
12:40:16.817928		HttpProcessRead	127	parseHead      	Fatal:    unknow headerContent-Type: application/x-www-form-urlencoded
12:40:16.817935		HttpProcessRead	127	parseHead      	Fatal:    unknow headerUser-Agent: Mozilla/5.0 (Windows NT 10.0; Win64; x64) AppleWebKit/537.36 (KHTML, like Gecko) Chrome/97.0.4692.99 Safari/537.36 Edg/97.0.1072.76
12:40:16.817939		HttpProcessRead	127	parseHead      	Fatal:    unknow headerAccept: text/html,application/xhtml+xml,application/xml;q=0.9,image/webp,image/apng,*/*;q=0.8,application/signed-exchange;v=b3;q=0.9
12:40:16.817943		HttpProcessRead	127	parseHead      	Fatal:    unknow headerReferer: http://120.24.176.229:9527/
12:40:16.817946		HttpProcessRead	127	parseHead      	Fatal:    unknow headerAccept-Encoding: gzip, deflate
12:40:16.817950		HttpProcessRead	127	parseHead      	Fatal:    unknow headerAccept-Language: zh-CN,zh;q=0.9,en;q=0.8,en-GB;q=0.7,en-US;q=0.6
12:40:16.818043		main.cpp       	76	main           	Info:     1 events has been got 
12:40:24.272257		main.cpp       	76	main           	Info:     1 events has been got 
12:40:24.333778		main.cpp       	76	main           	Info:     1 events has been got 
12:40:25.142577		HttpProcessRead	127	parseHead      	Fatal:    unknow headerCache-Control: max-age=0
12:40:25.142596		HttpProcessRead	127	parseHead      	Fatal:    unknow headerUpgrade-Insecure-Requests: 1
12:40:25.142600		HttpProcessRead	127	parseHead      	Fatal:    unknow headerOrigin: http://120.24.176.229:9527
12:40:25.142604		HttpProcessRead	127	parseHead      	Fatal:    unknow headerContent-Type: application/x-www-form-urlencoded
12:40:25.142613		HttpProcessRead	127	parseHead      	Fatal:    unknow headerUser-Agent: Mozilla/5.0 (Windows NT 10.0; Win64; x64) AppleWebKit/537.36 (KHTML, like Gecko) Chrome/97.0.4692.99 Safari/537.36 Edg/97.0.1072.76
12:40:25.142627		HttpProcessRead	127	parseHead      	Fatal:    unknow headerAccept: text/html,application/xhtml+xml,application/xml;q=0.9,image/webp,image/apng,*/*;q=0.8,application/signed-exchange;v=b3;q=0.9
12:40:25.142630		HttpProcessRead	127	parseHead      	Fatal:    unknow headerReferer: http://120.24.176.229:9527/
12:40:25.142634		HttpProcessRead	127	parseHead      	Fatal:    unknow headerAccept-Encoding: gzip, deflate
12:40:25.142638		HttpProcessRead	127	parseHead      	Fatal:    unknow headerAccept-Language: zh-CN,zh;q=0.9,en;q=0.8,en-GB;q=0.7,en-US;q=0.6
12:40:25.142741		main.cpp       	76	main           	Info:     1 events has been got 
