15:09:58.611535		ThreadPool.h   	52	ThreadPool     	Info:     0 thread is created.
15:09:58.613818		ThreadPool.h   	52	ThreadPool     	Info:     1 thread is created.
15:10:09.321416		main.cpp       	76	main           	Info:     1 events has been got 
15:10:09.322045		main.cpp       	76	main           	Info:     1 events has been got 
15:10:09.322640		main.cpp       	76	main           	Info:     1 events has been got 
15:10:09.445720		HttpProcessRead	127	parseHead      	Fatal:    unknow headerCache-Control: max-age=0
15:10:09.445732		HttpProcessRead	127	parseHead      	Fatal:    unknow headerUpgrade-Insecure-Requests: 1
15:10:09.445736		HttpProcessRead	127	parseHead      	Fatal:    unknow headerOrigin: http://120.24.176.229:9527
15:10:09.445738		HttpProcessRead	127	parseHead      	Fatal:    unknow headerContent-Type: application/x-www-form-urlencoded
15:10:09.445742		HttpProcessRead	127	parseHead      	Fatal:    unknow headerUser-Agent: Mozilla/5.0 (Windows NT 10.0; Win64; x64) AppleWebKit/537.36 (KHTML, like Gecko) Chrome/97.0.4692.99 Safari/537.36 Edg/97.0.1072.76
15:10:09.445745		HttpProcessRead	127	parseHead      	Fatal:    unknow headerAccept: text/html,application/xhtml+xml,application/xml;q=0.9,image/webp,image/apng,*/*;q=0.8,application/signed-exchange;v=b3;q=0.9
15:10:09.445748		HttpProcessRead	127	parseHead      	Fatal:    unknow headerReferer: http://120.24.176.229:9527/
15:10:09.445751		HttpProcessRead	127	parseHead      	Fatal:    unknow headerAccept-Encoding: gzip, deflate
15:10:09.445754		HttpProcessRead	127	parseHead      	Fatal:    unknow headerAccept-Language: zh-CN,zh;q=0.9,en;q=0.8,en-GB;q=0.7,en-US;q=0.6
15:10:09.446187		main.cpp       	76	main           	Info:     1 events has been got 
15:10:33.753423		main.cpp       	76	main           	Info:     1 events has been got 
15:10:33.821577		main.cpp       	76	main           	Info:     1 events has been got 
15:10:33.972862		HttpProcessRead	127	parseHead      	Fatal:    unknow headerCache-Control: max-age=0
15:10:33.972885		HttpProcessRead	127	parseHead      	Fatal:    unknow headerUpgrade-Insecure-Requests: 1
15:10:33.972891		HttpProcessRead	127	parseHead      	Fatal:    unknow headerOrigin: http://120.24.176.229:9527
15:10:33.972894		HttpProcessRead	127	parseHead      	Fatal:    unknow headerContent-Type: application/x-www-form-urlencoded
15:10:33.972900		HttpProcessRead	127	parseHead      	Fatal:    unknow headerUser-Agent: Mozilla/5.0 (Windows NT 10.0; Win64; x64) AppleWebKit/537.36 (KHTML, like Gecko) Chrome/97.0.4692.99 Safari/537.36 Edg/97.0.1072.76
15:10:33.972905		HttpProcessRead	127	parseHead      	Fatal:    unknow headerAccept: text/html,application/xhtml+xml,application/xml;q=0.9,image/webp,image/apng,*/*;q=0.8,application/signed-exchange;v=b3;q=0.9
15:10:33.972909		HttpProcessRead	127	parseHead      	Fatal:    unknow headerReferer: http://120.24.176.229:9527/
15:10:33.972913		HttpProcessRead	127	parseHead      	Fatal:    unknow headerAccept-Encoding: gzip, deflate
15:10:33.972916		HttpProcessRead	127	parseHead      	Fatal:    unknow headerAccept-Language: zh-CN,zh;q=0.9,en;q=0.8,en-GB;q=0.7,en-US;q=0.6
15:10:33.973276		main.cpp       	76	main           	Info:     1 events has been got 
15:10:48.159057		main.cpp       	76	main           	Info:     1 events has been got 
15:10:48.231511		main.cpp       	76	main           	Info:     1 events has been got 
15:10:48.564370		HttpProcessRead	127	parseHead      	Fatal:    unknow headerCache-Control: max-age=0
15:10:48.564403		HttpProcessRead	127	parseHead      	Fatal:    unknow headerUpgrade-Insecure-Requests: 1
15:10:48.564409		HttpProcessRead	127	parseHead      	Fatal:    unknow headerOrigin: http://120.24.176.229:9527
15:10:48.564414		HttpProcessRead	127	parseHead      	Fatal:    unknow headerContent-Type: application/x-www-form-urlencoded
15:10:48.564419		HttpProcessRead	127	parseHead      	Fatal:    unknow headerUser-Agent: Mozilla/5.0 (Windows NT 10.0; Win64; x64) AppleWebKit/537.36 (KHTML, like Gecko) Chrome/97.0.4692.99 Safari/537.36 Edg/97.0.1072.76
15:10:48.564425		HttpProcessRead	127	parseHead      	Fatal:    unknow headerAccept: text/html,application/xhtml+xml,application/xml;q=0.9,image/webp,image/apng,*/*;q=0.8,application/signed-exchange;v=b3;q=0.9
15:10:48.564429		HttpProcessRead	127	parseHead      	Fatal:    unknow headerReferer: http://120.24.176.229:9527/
15:10:48.564432		HttpProcessRead	127	parseHead      	Fatal:    unknow headerAccept-Encoding: gzip, deflate
15:10:48.564436		HttpProcessRead	127	parseHead      	Fatal:    unknow headerAccept-Language: zh-CN,zh;q=0.9,en;q=0.8,en-GB;q=0.7,en-US;q=0.6
15:10:48.568914		main.cpp       	76	main           	Info:     1 events has been got 
