12:54:52.199020		ThreadPool.h   	52	ThreadPool     	Info:     0 thread is created.
12:54:52.203451		ThreadPool.h   	52	ThreadPool     	Info:     1 thread is created.
12:54:53.852927		main.cpp       	76	main           	Info:     1 events has been got 
12:54:53.853238		main.cpp       	76	main           	Info:     1 events has been got 
12:54:53.853353		main.cpp       	76	main           	Info:     1 events has been got 
12:54:53.981018		HttpProcessRead	127	parseHead      	Fatal:    unknow headerCache-Control: max-age=0
12:54:53.981043		HttpProcessRead	127	parseHead      	Fatal:    unknow headerUpgrade-Insecure-Requests: 1
12:54:53.981049		HttpProcessRead	127	parseHead      	Fatal:    unknow headerOrigin: http://120.24.176.229:9527
12:54:53.981058		HttpProcessRead	127	parseHead      	Fatal:    unknow headerContent-Type: application/x-www-form-urlencoded
12:54:53.981063		HttpProcessRead	127	parseHead      	Fatal:    unknow headerUser-Agent: Mozilla/5.0 (Windows NT 10.0; Win64; x64) AppleWebKit/537.36 (KHTML, like Gecko) Chrome/97.0.4692.99 Safari/537.36 Edg/97.0.1072.76
12:54:53.981068		HttpProcessRead	127	parseHead      	Fatal:    unknow headerAccept: text/html,application/xhtml+xml,application/xml;q=0.9,image/webp,image/apng,*/*;q=0.8,application/signed-exchange;v=b3;q=0.9
12:54:53.981072		HttpProcessRead	127	parseHead      	Fatal:    unknow headerReferer: http://120.24.176.229:9527/
12:54:53.981076		HttpProcessRead	127	parseHead      	Fatal:    unknow headerAccept-Encoding: gzip, deflate
12:54:53.981080		HttpProcessRead	127	parseHead      	Fatal:    unknow headerAccept-Language: zh-CN,zh;q=0.9,en;q=0.8,en-GB;q=0.7,en-US;q=0.6
12:54:53.981948		main.cpp       	76	main           	Info:     1 events has been got 
12:54:59.190868		main.cpp       	76	main           	Info:     1 events has been got 
12:54:59.253567		main.cpp       	76	main           	Info:     1 events has been got 
12:54:59.408150		HttpProcessRead	127	parseHead      	Fatal:    unknow headerCache-Control: max-age=0
12:54:59.408201		HttpProcessRead	127	parseHead      	Fatal:    unknow headerUpgrade-Insecure-Requests: 1
12:54:59.408205		HttpProcessRead	127	parseHead      	Fatal:    unknow headerOrigin: http://120.24.176.229:9527
12:54:59.408209		HttpProcessRead	127	parseHead      	Fatal:    unknow headerContent-Type: application/x-www-form-urlencoded
12:54:59.408214		HttpProcessRead	127	parseHead      	Fatal:    unknow headerUser-Agent: Mozilla/5.0 (Windows NT 10.0; Win64; x64) AppleWebKit/537.36 (KHTML, like Gecko) Chrome/97.0.4692.99 Safari/537.36 Edg/97.0.1072.76
12:54:59.408219		HttpProcessRead	127	parseHead      	Fatal:    unknow headerAccept: text/html,application/xhtml+xml,application/xml;q=0.9,image/webp,image/apng,*/*;q=0.8,application/signed-exchange;v=b3;q=0.9
12:54:59.408222		HttpProcessRead	127	parseHead      	Fatal:    unknow headerReferer: http://120.24.176.229:9527/
12:54:59.408225		HttpProcessRead	127	parseHead      	Fatal:    unknow headerAccept-Encoding: gzip, deflate
12:54:59.408228		HttpProcessRead	127	parseHead      	Fatal:    unknow headerAccept-Language: zh-CN,zh;q=0.9,en;q=0.8,en-GB;q=0.7,en-US;q=0.6
12:54:59.411211		main.cpp       	76	main           	Info:     1 events has been got 
12:55:14.334026		main.cpp       	76	main           	Info:     1 events has been got 
12:55:14.396947		main.cpp       	76	main           	Info:     1 events has been got 
12:55:14.774392		HttpProcessRead	127	parseHead      	Fatal:    unknow headerCache-Control: max-age=0
12:55:14.774407		HttpProcessRead	127	parseHead      	Fatal:    unknow headerUpgrade-Insecure-Requests: 1
12:55:14.774410		HttpProcessRead	127	parseHead      	Fatal:    unknow headerOrigin: http://120.24.176.229:9527
12:55:14.774413		HttpProcessRead	127	parseHead      	Fatal:    unknow headerContent-Type: application/x-www-form-urlencoded
12:55:14.774417		HttpProcessRead	127	parseHead      	Fatal:    unknow headerUser-Agent: Mozilla/5.0 (Windows NT 10.0; Win64; x64) AppleWebKit/537.36 (KHTML, like Gecko) Chrome/97.0.4692.99 Safari/537.36 Edg/97.0.1072.76
12:55:14.774420		HttpProcessRead	127	parseHead      	Fatal:    unknow headerAccept: text/html,application/xhtml+xml,application/xml;q=0.9,image/webp,image/apng,*/*;q=0.8,application/signed-exchange;v=b3;q=0.9
12:55:14.774423		HttpProcessRead	127	parseHead      	Fatal:    unknow headerReferer: http://120.24.176.229:9527/
12:55:14.774426		HttpProcessRead	127	parseHead      	Fatal:    unknow headerAccept-Encoding: gzip, deflate
12:55:14.774429		HttpProcessRead	127	parseHead      	Fatal:    unknow headerAccept-Language: zh-CN,zh;q=0.9,en;q=0.8,en-GB;q=0.7,en-US;q=0.6
12:55:14.775532		main.cpp       	76	main           	Info:     1 events has been got 
