10:35:11.315857		ThreadPool.h   	52	ThreadPool     	Info:     0 thread is created.
10:35:11.317435		ThreadPool.h   	52	ThreadPool     	Info:     1 thread is created.
10:35:13.549398		main.cpp       	76	main           	Info:     1 events has been got 
10:35:13.550003		main.cpp       	76	main           	Info:     1 events has been got 
10:35:13.560810		main.cpp       	76	main           	Info:     1 events has been got 
10:35:13.668866		HttpProcessRead	127	parseHead      	Fatal:    unknow headerCache-Control: max-age=0
10:35:13.668882		HttpProcessRead	127	parseHead      	Fatal:    unknow headerUpgrade-Insecure-Requests: 1
10:35:13.668885		HttpProcessRead	127	parseHead      	Fatal:    unknow headerOrigin: http://120.24.176.229:9527
10:35:13.668888		HttpProcessRead	127	parseHead      	Fatal:    unknow headerContent-Type: application/x-www-form-urlencoded
10:35:13.668893		HttpProcessRead	127	parseHead      	Fatal:    unknow headerUser-Agent: Mozilla/5.0 (Windows NT 10.0; Win64; x64) AppleWebKit/537.36 (KHTML, like Gecko) Chrome/97.0.4692.99 Safari/537.36 Edg/97.0.1072.76
10:35:13.668897		HttpProcessRead	127	parseHead      	Fatal:    unknow headerAccept: text/html,application/xhtml+xml,application/xml;q=0.9,image/webp,image/apng,*/*;q=0.8,application/signed-exchange;v=b3;q=0.9
10:35:13.668900		HttpProcessRead	127	parseHead      	Fatal:    unknow headerReferer: http://120.24.176.229:9527/
10:35:13.668902		HttpProcessRead	127	parseHead      	Fatal:    unknow headerAccept-Encoding: gzip, deflate
10:35:13.668905		HttpProcessRead	127	parseHead      	Fatal:    unknow headerAccept-Language: zh-CN,zh;q=0.9,en;q=0.8,en-GB;q=0.7,en-US;q=0.6
10:35:13.669563		main.cpp       	76	main           	Info:     1 events has been got 
10:35:14.669891		main.cpp       	76	main           	Info:     1 events has been got 
10:35:14.863780		HttpProcessRead	127	parseHead      	Fatal:    unknow headerUser-Agent: Mozilla/5.0 (Windows NT 10.0; Win64; x64) AppleWebKit/537.36 (KHTML, like Gecko) Chrome/97.0.4692.99 Safari/537.36 Edg/97.0.1072.76
10:35:14.863790		HttpProcessRead	127	parseHead      	Fatal:    unknow headerAccept: image/webp,image/apng,image/svg+xml,image/*,*/*;q=0.8
10:35:14.863793		HttpProcessRead	127	parseHead      	Fatal:    unknow headerReferer: http://120.24.176.229:9527/
10:35:14.863796		HttpProcessRead	127	parseHead      	Fatal:    unknow headerAccept-Encoding: gzip, deflate
10:35:14.863801		HttpProcessRead	127	parseHead      	Fatal:    unknow headerAccept-Language: zh-CN,zh;q=0.9,en;q=0.8,en-GB;q=0.7,en-US;q=0.6
10:35:14.864349		main.cpp       	76	main           	Info:     1 events has been got 
10:35:46.374395		ThreadPool.h   	52	ThreadPool     	Info:     0 thread is created.
10:35:46.377696		ThreadPool.h   	52	ThreadPool     	Info:     1 thread is created.
10:35:48.666197		main.cpp       	76	main           	Info:     1 events has been got 
10:35:48.666678		main.cpp       	76	main           	Info:     1 events has been got 
10:35:48.667213		main.cpp       	76	main           	Info:     1 events has been got 
10:35:48.807933		HttpProcessRead	127	parseHead      	Fatal:    unknow headerCache-Control: max-age=0
10:35:48.807947		HttpProcessRead	127	parseHead      	Fatal:    unknow headerUpgrade-Insecure-Requests: 1
10:35:48.807952		HttpProcessRead	127	parseHead      	Fatal:    unknow headerOrigin: http://120.24.176.229:9527
10:35:48.807955		HttpProcessRead	127	parseHead      	Fatal:    unknow headerContent-Type: application/x-www-form-urlencoded
10:35:48.807959		HttpProcessRead	127	parseHead      	Fatal:    unknow headerUser-Agent: Mozilla/5.0 (Windows NT 10.0; Win64; x64) AppleWebKit/537.36 (KHTML, like Gecko) Chrome/97.0.4692.99 Safari/537.36 Edg/97.0.1072.76
10:35:48.807962		HttpProcessRead	127	parseHead      	Fatal:    unknow headerAccept: text/html,application/xhtml+xml,application/xml;q=0.9,image/webp,image/apng,*/*;q=0.8,application/signed-exchange;v=b3;q=0.9
10:35:48.807965		HttpProcessRead	127	parseHead      	Fatal:    unknow headerReferer: http://120.24.176.229:9527/
10:35:48.807968		HttpProcessRead	127	parseHead      	Fatal:    unknow headerAccept-Encoding: gzip, deflate
10:35:48.807972		HttpProcessRead	127	parseHead      	Fatal:    unknow headerAccept-Language: zh-CN,zh;q=0.9,en;q=0.8,en-GB;q=0.7,en-US;q=0.6
10:35:48.808113		main.cpp       	76	main           	Info:     1 events has been got 
10:35:49.808372		main.cpp       	76	main           	Info:     1 events has been got 
10:35:50.041145		HttpProcessRead	127	parseHead      	Fatal:    unknow headerUser-Agent: Mozilla/5.0 (Windows NT 10.0; Win64; x64) AppleWebKit/537.36 (KHTML, like Gecko) Chrome/97.0.4692.99 Safari/537.36 Edg/97.0.1072.76
10:35:50.041195		HttpProcessRead	127	parseHead      	Fatal:    unknow headerAccept: image/webp,image/apng,image/svg+xml,image/*,*/*;q=0.8
10:35:50.041200		HttpProcessRead	127	parseHead      	Fatal:    unknow headerReferer: http://120.24.176.229:9527/
10:35:50.041204		HttpProcessRead	127	parseHead      	Fatal:    unknow headerAccept-Encoding: gzip, deflate
10:35:50.041208		HttpProcessRead	127	parseHead      	Fatal:    unknow headerAccept-Language: zh-CN,zh;q=0.9,en;q=0.8,en-GB;q=0.7,en-US;q=0.6
10:35:50.041746		main.cpp       	76	main           	Info:     1 events has been got 
