11:23:30.825369		ThreadPool.h   	52	ThreadPool     	Info:     0 thread is created.
11:23:30.827364		ThreadPool.h   	52	ThreadPool     	Info:     1 thread is created.
11:23:32.845077		main.cpp       	76	main           	Info:     1 events has been got 
11:23:32.845193		main.cpp       	76	main           	Info:     1 events has been got 
11:23:32.846242		main.cpp       	76	main           	Info:     1 events has been got 
11:23:32.973961		HttpProcessRead	127	parseHead      	Fatal:    unknow headerCache-Control: max-age=0
11:23:32.973987		HttpProcessRead	127	parseHead      	Fatal:    unknow headerUpgrade-Insecure-Requests: 1
11:23:32.973991		HttpProcessRead	127	parseHead      	Fatal:    unknow headerOrigin: http://120.24.176.229:9527
11:23:32.973995		HttpProcessRead	127	parseHead      	Fatal:    unknow headerContent-Type: application/x-www-form-urlencoded
11:23:32.973999		HttpProcessRead	127	parseHead      	Fatal:    unknow headerUser-Agent: Mozilla/5.0 (Windows NT 10.0; Win64; x64) AppleWebKit/537.36 (KHTML, like Gecko) Chrome/97.0.4692.99 Safari/537.36 Edg/97.0.1072.76
11:23:32.974004		HttpProcessRead	127	parseHead      	Fatal:    unknow headerAccept: text/html,application/xhtml+xml,application/xml;q=0.9,image/webp,image/apng,*/*;q=0.8,application/signed-exchange;v=b3;q=0.9
11:23:32.974008		HttpProcessRead	127	parseHead      	Fatal:    unknow headerReferer: http://120.24.176.229:9527/
11:23:32.974011		HttpProcessRead	127	parseHead      	Fatal:    unknow headerAccept-Encoding: gzip, deflate
11:23:32.974016		HttpProcessRead	127	parseHead      	Fatal:    unknow headerAccept-Language: zh-CN,zh;q=0.9,en;q=0.8,en-GB;q=0.7,en-US;q=0.6
11:23:32.974398		main.cpp       	76	main           	Info:     1 events has been got 
11:23:33.974693		main.cpp       	76	main           	Info:     1 events has been got 
11:23:34.159369		HttpProcessRead	127	parseHead      	Fatal:    unknow headerUser-Agent: Mozilla/5.0 (Windows NT 10.0; Win64; x64) AppleWebKit/537.36 (KHTML, like Gecko) Chrome/97.0.4692.99 Safari/537.36 Edg/97.0.1072.76
11:23:34.159378		HttpProcessRead	127	parseHead      	Fatal:    unknow headerAccept: image/webp,image/apng,image/svg+xml,image/*,*/*;q=0.8
11:23:34.159381		HttpProcessRead	127	parseHead      	Fatal:    unknow headerReferer: http://120.24.176.229:9527/
11:23:34.159384		HttpProcessRead	127	parseHead      	Fatal:    unknow headerAccept-Encoding: gzip, deflate
11:23:34.159387		HttpProcessRead	127	parseHead      	Fatal:    unknow headerAccept-Language: zh-CN,zh;q=0.9,en;q=0.8,en-GB;q=0.7,en-US;q=0.6
11:23:34.159475		main.cpp       	76	main           	Info:     1 events has been got 
