10:55:19.436443		ThreadPool.h   	52	ThreadPool     	Info:     0 thread is created.
10:55:19.446591		ThreadPool.h   	52	ThreadPool     	Info:     1 thread is created.
10:55:25.203733		main.cpp       	76	main           	Info:     1 events has been got 
10:55:25.203777		main.cpp       	76	main           	Info:     1 events has been got 
10:55:25.320750		main.cpp       	76	main           	Info:     1 events has been got 
10:55:26.518821		main.cpp       	76	main           	Info:     1 events has been got 
10:55:26.518901		main.cpp       	76	main           	Info:     1 events has been got 
10:55:26.717863		HttpProcessRead	127	parseHead      	Fatal:    unknow headerUser-Agent: Mozilla/5.0 (Windows NT 10.0; Win64; x64) AppleWebKit/537.36 (KHTML, like Gecko) Chrome/97.0.4692.99 Safari/537.36 Edg/97.0.1072.76
10:55:26.717876		HttpProcessRead	127	parseHead      	Fatal:    unknow headerAccept: image/webp,image/apng,image/svg+xml,image/*,*/*;q=0.8
10:55:26.717879		HttpProcessRead	127	parseHead      	Fatal:    unknow headerAccept-Encoding: gzip, deflate
10:55:26.717882		HttpProcessRead	127	parseHead      	Fatal:    unknow headerAccept-Language: zh-CN,zh;q=0.9,en;q=0.8,en-GB;q=0.7,en-US;q=0.6
10:55:26.717885		HttpProcessRead	127	parseHead      	Fatal:    unknow headerReferer: http://120.24.176.229:9527/
10:55:26.717971		main.cpp       	76	main           	Info:     1 events has been got 
10:55:42.357437		main.cpp       	76	main           	Info:     1 events has been got 
10:55:42.357520		main.cpp       	76	main           	Info:     1 events has been got 
10:55:42.758066		HttpProcessRead	127	parseHead      	Fatal:    unknow headerUser-Agent: Mozilla/5.0 (Windows NT 10.0; Win64; x64) AppleWebKit/537.36 (KHTML, like Gecko) Chrome/97.0.4692.99 Safari/537.36 Edg/97.0.1072.76
10:55:42.758090		HttpProcessRead	127	parseHead      	Fatal:    unknow headerAccept: text/html,application/xhtml+xml,application/xml;q=0.9,image/webp,image/apng,*/*;q=0.8,application/signed-exchange;v=b3;q=0.9
10:55:42.758093		HttpProcessRead	127	parseHead      	Fatal:    unknow headerAccept-Encoding: gzip, deflate
10:55:42.758095		HttpProcessRead	127	parseHead      	Fatal:    unknow headerAccept-Language: zh-CN,zh;q=0.9,en;q=0.8,en-GB;q=0.7,en-US;q=0.6
10:55:42.758098		HttpProcessRead	127	parseHead      	Fatal:    unknow headerCache-Control: max-age=0
10:55:42.758101		HttpProcessRead	127	parseHead      	Fatal:    unknow headerContent-Type: application/x-www-form-urlencoded
10:55:42.758104		HttpProcessRead	127	parseHead      	Fatal:    unknow headerOrigin: http://120.24.176.229:9527
10:55:42.758106		HttpProcessRead	127	parseHead      	Fatal:    unknow headerReferer: http://120.24.176.229:9527/
10:55:42.758109		HttpProcessRead	127	parseHead      	Fatal:    unknow headerUpgrade-Insecure-Requests: 1
10:55:42.767858		main.cpp       	76	main           	Info:     1 events has been got 
10:55:43.913840		main.cpp       	76	main           	Info:     1 events has been got 
10:55:43.928298		main.cpp       	76	main           	Info:     1 events has been got 
10:55:44.394261		main.cpp       	76	main           	Info:     1 events has been got 
10:55:44.394307		main.cpp       	76	main           	Info:     1 events has been got 
10:55:44.758826		HttpProcessRead	127	parseHead      	Fatal:    unknow headerUser-Agent: Mozilla/5.0 (Windows NT 10.0; Win64; x64) AppleWebKit/537.36 (KHTML, like Gecko) Chrome/97.0.4692.99 Safari/537.36 Edg/97.0.1072.76
10:55:44.758845		HttpProcessRead	127	parseHead      	Fatal:    unknow headerAccept: text/html,application/xhtml+xml,application/xml;q=0.9,image/webp,image/apng,*/*;q=0.8,application/signed-exchange;v=b3;q=0.9
10:55:44.758851		HttpProcessRead	127	parseHead      	Fatal:    unknow headerAccept-Encoding: gzip, deflate
10:55:44.758856		HttpProcessRead	127	parseHead      	Fatal:    unknow headerAccept-Language: zh-CN,zh;q=0.9,en;q=0.8,en-GB;q=0.7,en-US;q=0.6
10:55:44.758859		HttpProcessRead	127	parseHead      	Fatal:    unknow headerCache-Control: max-age=0
10:55:44.758861		HttpProcessRead	127	parseHead      	Fatal:    unknow headerContent-Type: application/x-www-form-urlencoded
10:55:44.758864		HttpProcessRead	127	parseHead      	Fatal:    unknow headerOrigin: http://120.24.176.229:9527
10:55:44.758867		HttpProcessRead	127	parseHead      	Fatal:    unknow headerReferer: http://120.24.176.229:9527/1
10:55:44.758869		HttpProcessRead	127	parseHead      	Fatal:    unknow headerUpgrade-Insecure-Requests: 1
10:55:44.759221		main.cpp       	76	main           	Info:     1 events has been got 
10:55:44.763955		HttpProcessRead	127	parseHead      	Fatal:    unknow headerUser-Agent: Mozilla/5.0 (Windows NT 10.0; Win64; x64) AppleWebKit/537.36 (KHTML, like Gecko) Chrome/97.0.4692.99 Safari/537.36 Edg/97.0.1072.76
10:55:44.763970		HttpProcessRead	127	parseHead      	Fatal:    unknow headerAccept: image/webp,image/apng,image/svg+xml,image/*,*/*;q=0.8
10:55:44.763973		HttpProcessRead	127	parseHead      	Fatal:    unknow headerAccept-Encoding: gzip, deflate
10:55:44.763976		HttpProcessRead	127	parseHead      	Fatal:    unknow headerAccept-Language: zh-CN,zh;q=0.9,en;q=0.8,en-GB;q=0.7,en-US;q=0.6
10:55:44.763979		HttpProcessRead	127	parseHead      	Fatal:    unknow headerReferer: http://120.24.176.229:9527/1
10:55:45.759562		main.cpp       	76	main           	Info:     1 events has been got 
10:55:46.760258		main.cpp       	76	main           	Info:     1 events has been got 
10:55:46.760292		main.cpp       	76	main           	Info:     1 events has been got 
10:55:46.783945		HttpProcessRead	127	parseHead      	Fatal:    unknow headerUser-Agent: Mozilla/5.0 (Windows NT 10.0; Win64; x64) AppleWebKit/537.36 (KHTML, like Gecko) Chrome/97.0.4692.99 Safari/537.36 Edg/97.0.1072.76
10:55:46.783959		HttpProcessRead	127	parseHead      	Fatal:    unknow headerAccept: image/webp,image/apng,image/svg+xml,image/*,*/*;q=0.8
10:55:46.783962		HttpProcessRead	127	parseHead      	Fatal:    unknow headerAccept-Encoding: gzip, deflate
10:55:46.783965		HttpProcessRead	127	parseHead      	Fatal:    unknow headerAccept-Language: zh-CN,zh;q=0.9,en;q=0.8,en-GB;q=0.7,en-US;q=0.6
10:55:46.783968		HttpProcessRead	127	parseHead      	Fatal:    unknow headerReferer: http://120.24.176.229:9527/4
10:55:46.784051		main.cpp       	76	main           	Info:     1 events has been got 
10:55:54.540506		main.cpp       	76	main           	Info:     1 events has been got 
10:55:54.540553		main.cpp       	76	main           	Info:     1 events has been got 
10:55:54.603115		HttpProcessRead	127	parseHead      	Fatal:    unknow headerUser-Agent: Mozilla/5.0 (Windows NT 10.0; Win64; x64) AppleWebKit/537.36 (KHTML, like Gecko) Chrome/97.0.4692.99 Safari/537.36 Edg/97.0.1072.76
10:55:54.603135		HttpProcessRead	127	parseHead      	Fatal:    unknow headerAccept: text/html,application/xhtml+xml,application/xml;q=0.9,image/webp,image/apng,*/*;q=0.8,application/signed-exchange;v=b3;q=0.9
10:55:54.603138		HttpProcessRead	127	parseHead      	Fatal:    unknow headerAccept-Encoding: gzip, deflate
10:55:54.603141		HttpProcessRead	127	parseHead      	Fatal:    unknow headerAccept-Language: zh-CN,zh;q=0.9,en;q=0.8,en-GB;q=0.7,en-US;q=0.6
10:55:54.603143		HttpProcessRead	127	parseHead      	Fatal:    unknow headerCache-Control: max-age=0
10:55:54.603146		HttpProcessRead	127	parseHead      	Fatal:    unknow headerContent-Type: application/x-www-form-urlencoded
10:55:54.603149		HttpProcessRead	127	parseHead      	Fatal:    unknow headerOrigin: http://120.24.176.229:9527
10:55:54.603151		HttpProcessRead	127	parseHead      	Fatal:    unknow headerReferer: http://120.24.176.229:9527/4
10:55:54.603154		HttpProcessRead	127	parseHead      	Fatal:    unknow headerUpgrade-Insecure-Requests: 1
10:55:54.603258		main.cpp       	76	main           	Info:     1 events has been got 
10:55:55.761068		main.cpp       	76	main           	Info:     1 events has been got 
10:55:55.761141		main.cpp       	76	main           	Info:     1 events has been got 
10:55:55.852150		HttpProcessRead	127	parseHead      	Fatal:    unknow headerUser-Agent: Mozilla/5.0 (Windows NT 10.0; Win64; x64) AppleWebKit/537.36 (KHTML, like Gecko) Chrome/97.0.4692.99 Safari/537.36 Edg/97.0.1072.76
10:55:55.852165		HttpProcessRead	127	parseHead      	Fatal:    unknow headerAccept: image/webp,image/apng,image/svg+xml,image/*,*/*;q=0.8
10:55:55.852168		HttpProcessRead	127	parseHead      	Fatal:    unknow headerAccept-Encoding: gzip, deflate
10:55:55.852171		HttpProcessRead	127	parseHead      	Fatal:    unknow headerAccept-Language: zh-CN,zh;q=0.9,en;q=0.8,en-GB;q=0.7,en-US;q=0.6
10:55:55.852174		HttpProcessRead	127	parseHead      	Fatal:    unknow headerReferer: http://120.24.176.229:9527/0
10:55:55.852262		main.cpp       	76	main           	Info:     1 events has been got 
10:56:00.411509		main.cpp       	76	main           	Info:     1 events has been got 
10:56:00.411545		main.cpp       	76	main           	Info:     1 events has been got 
10:56:00.603146		HttpProcessRead	127	parseHead      	Fatal:    unknow headerUser-Agent: Mozilla/5.0 (Windows NT 10.0; Win64; x64) AppleWebKit/537.36 (KHTML, like Gecko) Chrome/97.0.4692.99 Safari/537.36 Edg/97.0.1072.76
10:56:00.603162		HttpProcessRead	127	parseHead      	Fatal:    unknow headerAccept: text/html,application/xhtml+xml,application/xml;q=0.9,image/webp,image/apng,*/*;q=0.8,application/signed-exchange;v=b3;q=0.9
10:56:00.603165		HttpProcessRead	127	parseHead      	Fatal:    unknow headerAccept-Encoding: gzip, deflate
10:56:00.603168		HttpProcessRead	127	parseHead      	Fatal:    unknow headerAccept-Language: zh-CN,zh;q=0.9,en;q=0.8,en-GB;q=0.7,en-US;q=0.6
10:56:00.603171		HttpProcessRead	127	parseHead      	Fatal:    unknow headerCache-Control: max-age=0
10:56:00.603173		HttpProcessRead	127	parseHead      	Fatal:    unknow headerContent-Type: application/x-www-form-urlencoded
10:56:00.603176		HttpProcessRead	127	parseHead      	Fatal:    unknow headerOrigin: http://120.24.176.229:9527
10:56:00.603179		HttpProcessRead	127	parseHead      	Fatal:    unknow headerReferer: http://120.24.176.229:9527/4
10:56:00.603181		HttpProcessRead	127	parseHead      	Fatal:    unknow headerUpgrade-Insecure-Requests: 1
10:56:00.603270		main.cpp       	76	main           	Info:     1 events has been got 
10:56:01.770297		main.cpp       	76	main           	Info:     1 events has been got 
10:56:01.771339		main.cpp       	76	main           	Info:     1 events has been got 
10:56:02.153208		HttpProcessRead	127	parseHead      	Fatal:    unknow headerUser-Agent: Mozilla/5.0 (Windows NT 10.0; Win64; x64) AppleWebKit/537.36 (KHTML, like Gecko) Chrome/97.0.4692.99 Safari/537.36 Edg/97.0.1072.76
10:56:02.153221		HttpProcessRead	127	parseHead      	Fatal:    unknow headerAccept: image/webp,image/apng,image/svg+xml,image/*,*/*;q=0.8
10:56:02.153224		HttpProcessRead	127	parseHead      	Fatal:    unknow headerAccept-Encoding: gzip, deflate
10:56:02.153227		HttpProcessRead	127	parseHead      	Fatal:    unknow headerAccept-Language: zh-CN,zh;q=0.9,en;q=0.8,en-GB;q=0.7,en-US;q=0.6
10:56:02.153230		HttpProcessRead	127	parseHead      	Fatal:    unknow headerReferer: http://120.24.176.229:9527/0
10:56:02.153311		main.cpp       	76	main           	Info:     1 events has been got 
