15:11:31.173904		ThreadPool.h   	52	ThreadPool     	Info:     0 thread is created.
15:11:31.182457		ThreadPool.h   	52	ThreadPool     	Info:     1 thread is created.
15:11:39.723676		main.cpp       	76	main           	Info:     1 events has been got 
15:11:39.723768		main.cpp       	76	main           	Info:     1 events has been got 
15:11:39.725746		main.cpp       	76	main           	Info:     1 events has been got 
15:11:39.851980		HttpProcessRead	127	parseHead      	Fatal:    unknow headerCache-Control: max-age=0
15:11:39.851993		HttpProcessRead	127	parseHead      	Fatal:    unknow headerUpgrade-Insecure-Requests: 1
15:11:39.851996		HttpProcessRead	127	parseHead      	Fatal:    unknow headerOrigin: http://120.24.176.229:9527
15:11:39.852000		HttpProcessRead	127	parseHead      	Fatal:    unknow headerContent-Type: application/x-www-form-urlencoded
15:11:39.852004		HttpProcessRead	127	parseHead      	Fatal:    unknow headerUser-Agent: Mozilla/5.0 (Windows NT 10.0; Win64; x64) AppleWebKit/537.36 (KHTML, like Gecko) Chrome/97.0.4692.99 Safari/537.36 Edg/97.0.1072.76
15:11:39.852008		HttpProcessRead	127	parseHead      	Fatal:    unknow headerAccept: text/html,application/xhtml+xml,application/xml;q=0.9,image/webp,image/apng,*/*;q=0.8,application/signed-exchange;v=b3;q=0.9
15:11:39.852011		HttpProcessRead	127	parseHead      	Fatal:    unknow headerReferer: http://120.24.176.229:9527/
15:11:39.852013		HttpProcessRead	127	parseHead      	Fatal:    unknow headerAccept-Encoding: gzip, deflate
15:11:39.852016		HttpProcessRead	127	parseHead      	Fatal:    unknow headerAccept-Language: zh-CN,zh;q=0.9,en;q=0.8,en-GB;q=0.7,en-US;q=0.6
15:11:39.855582		main.cpp       	76	main           	Info:     1 events has been got 
15:11:53.537450		main.cpp       	76	main           	Info:     1 events has been got 
15:11:53.608510		main.cpp       	76	main           	Info:     1 events has been got 
15:11:53.747417		HttpProcessRead	127	parseHead      	Fatal:    unknow headerUpgrade-Insecure-Requests: 1
15:11:53.747436		HttpProcessRead	127	parseHead      	Fatal:    unknow headerUser-Agent: Mozilla/5.0 (Windows NT 10.0; Win64; x64) AppleWebKit/537.36 (KHTML, like Gecko) Chrome/97.0.4692.99 Safari/537.36 Edg/97.0.1072.76
15:11:53.747441		HttpProcessRead	127	parseHead      	Fatal:    unknow headerAccept: text/html,application/xhtml+xml,application/xml;q=0.9,image/webp,image/apng,*/*;q=0.8,application/signed-exchange;v=b3;q=0.9
15:11:53.747445		HttpProcessRead	127	parseHead      	Fatal:    unknow headerReferer: http://120.24.176.229:9527/1
15:11:53.747449		HttpProcessRead	127	parseHead      	Fatal:    unknow headerAccept-Encoding: gzip, deflate
15:11:53.747453		HttpProcessRead	127	parseHead      	Fatal:    unknow headerAccept-Language: zh-CN,zh;q=0.9,en;q=0.8,en-GB;q=0.7,en-US;q=0.6
15:11:53.747499		main.cpp       	76	main           	Info:     1 events has been got 
15:32:59.548929		main.cpp       	76	main           	Info:     1 events has been got 
15:32:59.549049		main.cpp       	116	main           	Fatal:    events[28].8193
16:11:10.483325		main.cpp       	76	main           	Info:     1 events has been got 
16:11:10.484172		main.cpp       	76	main           	Info:     1 events has been got 
16:11:10.484477		main.cpp       	76	main           	Info:     1 events has been got 
16:11:10.917854		HttpProcessRead	127	parseHead      	Fatal:    unknow headerUpgrade-Insecure-Requests: 1
16:11:10.917879		HttpProcessRead	127	parseHead      	Fatal:    unknow headerUser-Agent: Mozilla/5.0 (Windows NT 10.0; Win64; x64) AppleWebKit/537.36 (KHTML, like Gecko) Chrome/97.0.4692.99 Safari/537.36 Edg/97.0.1072.76
16:11:10.917885		HttpProcessRead	127	parseHead      	Fatal:    unknow headerAccept: text/html,application/xhtml+xml,application/xml;q=0.9,image/webp,image/apng,*/*;q=0.8,application/signed-exchange;v=b3;q=0.9
16:11:10.917888		HttpProcessRead	127	parseHead      	Fatal:    unknow headerReferer: http://120.24.176.229:9527/1
16:11:10.917892		HttpProcessRead	127	parseHead      	Fatal:    unknow headerAccept-Encoding: gzip, deflate
16:11:10.917895		HttpProcessRead	127	parseHead      	Fatal:    unknow headerAccept-Language: zh-CN,zh;q=0.9,en;q=0.8,en-GB;q=0.7,en-US;q=0.6
16:11:10.917962		main.cpp       	76	main           	Info:     1 events has been got 
16:12:12.781009		main.cpp       	76	main           	Info:     1 events has been got 
16:12:12.781138		main.cpp       	116	main           	Fatal:    events[40].8193
16:12:12.849671		main.cpp       	76	main           	Info:     1 events has been got 
16:12:12.850443		main.cpp       	76	main           	Info:     1 events has been got 
16:12:12.851326		main.cpp       	76	main           	Info:     1 events has been got 
16:12:13.746437		HttpProcessRead	127	parseHead      	Fatal:    unknow headerCache-Control: max-age=0
16:12:13.746449		HttpProcessRead	127	parseHead      	Fatal:    unknow headerUpgrade-Insecure-Requests: 1
16:12:13.746453		HttpProcessRead	127	parseHead      	Fatal:    unknow headerOrigin: http://120.24.176.229:9527
16:12:13.746459		HttpProcessRead	127	parseHead      	Fatal:    unknow headerContent-Type: application/x-www-form-urlencoded
16:12:13.746464		HttpProcessRead	127	parseHead      	Fatal:    unknow headerUser-Agent: Mozilla/5.0 (Windows NT 10.0; Win64; x64) AppleWebKit/537.36 (KHTML, like Gecko) Chrome/97.0.4692.99 Safari/537.36 Edg/97.0.1072.76
16:12:13.746468		HttpProcessRead	127	parseHead      	Fatal:    unknow headerAccept: text/html,application/xhtml+xml,application/xml;q=0.9,image/webp,image/apng,*/*;q=0.8,application/signed-exchange;v=b3;q=0.9
16:12:13.746471		HttpProcessRead	127	parseHead      	Fatal:    unknow headerReferer: http://120.24.176.229:9527/
16:12:13.746473		HttpProcessRead	127	parseHead      	Fatal:    unknow headerAccept-Encoding: gzip, deflate
16:12:13.746476		HttpProcessRead	127	parseHead      	Fatal:    unknow headerAccept-Language: zh-CN,zh;q=0.9,en;q=0.8,en-GB;q=0.7,en-US;q=0.6
16:12:13.746527		main.cpp       	76	main           	Info:     1 events has been got 
16:12:54.505654		main.cpp       	76	main           	Info:     1 events has been got 
16:12:54.536297		HttpProcessRead	127	parseHead      	Fatal:    unknow headerCache-Control: max-age=0
16:12:54.536317		HttpProcessRead	127	parseHead      	Fatal:    unknow headerUpgrade-Insecure-Requests: 1
16:12:54.536321		HttpProcessRead	127	parseHead      	Fatal:    unknow headerOrigin: http://120.24.176.229:9527
16:12:54.536325		HttpProcessRead	127	parseHead      	Fatal:    unknow headerContent-Type: application/x-www-form-urlencoded
16:12:54.536331		HttpProcessRead	127	parseHead      	Fatal:    unknow headerUser-Agent: Mozilla/5.0 (Windows NT 10.0; Win64; x64) AppleWebKit/537.36 (KHTML, like Gecko) Chrome/97.0.4692.99 Safari/537.36 Edg/97.0.1072.76
16:12:54.536335		HttpProcessRead	127	parseHead      	Fatal:    unknow headerAccept: text/html,application/xhtml+xml,application/xml;q=0.9,image/webp,image/apng,*/*;q=0.8,application/signed-exchange;v=b3;q=0.9
16:12:54.536337		HttpProcessRead	127	parseHead      	Fatal:    unknow headerReferer: http://120.24.176.229:9527/
16:12:54.536340		HttpProcessRead	127	parseHead      	Fatal:    unknow headerAccept-Encoding: gzip, deflate
16:12:54.536343		HttpProcessRead	127	parseHead      	Fatal:    unknow headerAccept-Language: zh-CN,zh;q=0.9,en;q=0.8,en-GB;q=0.7,en-US;q=0.6
16:12:54.541149		main.cpp       	76	main           	Info:     1 events has been got 
16:12:55.541440		main.cpp       	76	main           	Info:     1 events has been got 
16:12:56.544334		main.cpp       	76	main           	Info:     1 events has been got 
16:12:56.579957		HttpProcessRead	127	parseHead      	Fatal:    unknow headerUpgrade-Insecure-Requests: 1
16:12:56.579981		HttpProcessRead	127	parseHead      	Fatal:    unknow headerUser-Agent: Mozilla/5.0 (Windows NT 10.0; Win64; x64) AppleWebKit/537.36 (KHTML, like Gecko) Chrome/97.0.4692.99 Safari/537.36 Edg/97.0.1072.76
16:12:56.579986		HttpProcessRead	127	parseHead      	Fatal:    unknow headerAccept: text/html,application/xhtml+xml,application/xml;q=0.9,image/webp,image/apng,*/*;q=0.8,application/signed-exchange;v=b3;q=0.9
16:12:56.579990		HttpProcessRead	127	parseHead      	Fatal:    unknow headerReferer: http://120.24.176.229:9527/1
16:12:56.579993		HttpProcessRead	127	parseHead      	Fatal:    unknow headerAccept-Encoding: gzip, deflate
16:12:56.579998		HttpProcessRead	127	parseHead      	Fatal:    unknow headerAccept-Language: zh-CN,zh;q=0.9,en;q=0.8,en-GB;q=0.7,en-US;q=0.6
16:12:56.580399		main.cpp       	76	main           	Info:     1 events has been got 
16:12:57.580996		main.cpp       	76	main           	Info:     1 events has been got 
